Total time elapsed: 25:51.96 (1551.96 seconds)
Usermode: 183.96
Kernel mode: 272.75
Average CPU %: 29%
Max memory: 84232 (Kbytes)
---------
Total time elapsed: 25:51.70 (1551.70 seconds)
Usermode: 178.91
Kernel mode: 275.73
Average CPU %: 29%
Max memory: 83260 (Kbytes)
---------
Total time elapsed: 25:51.72 (1551.72 seconds)
Usermode: 183.19
Kernel mode: 271.54
Average CPU %: 29%
Max memory: 84860 (Kbytes)
---------
Total time elapsed: 25:51.84 (1551.84 seconds)
Usermode: 184.44
Kernel mode: 271.40
Average CPU %: 29%
Max memory: 82264 (Kbytes)
---------
Total time elapsed: 25:52.04 (1552.04 seconds)
Usermode: 180.97
Kernel mode: 275.01
Average CPU %: 29%
Max memory: 82188 (Kbytes)
---------
Total time elapsed: 25:51.95 (1551.95 seconds)
Usermode: 183.88
Kernel mode: 270.99
Average CPU %: 29%
Max memory: 85624 (Kbytes)
---------
Total time elapsed: 25:51.73 (1551.73 seconds)
Usermode: 185.28
Kernel mode: 270.85
Average CPU %: 29%
Max memory: 83116 (Kbytes)
---------
Total time elapsed: 25:52.03 (1552.03 seconds)
Usermode: 184.49
Kernel mode: 272.85
Average CPU %: 29%
Max memory: 82600 (Kbytes)
---------
Total time elapsed: 25:51.84 (1551.84 seconds)
Usermode: 182.87
Kernel mode: 272.39
Average CPU %: 29%
Max memory: 83856 (Kbytes)
---------
Total time elapsed: 25:53.19 (1553.19 seconds)
Usermode: 182.65
Kernel mode: 271.65
Average CPU %: 29%
Max memory: 82792 (Kbytes)
---------
Total time elapsed: 25:51.79 (1551.79 seconds)
Usermode: 182.86
Kernel mode: 272.64
Average CPU %: 29%
Max memory: 82592 (Kbytes)
---------
Total time elapsed: 25:52.07 (1552.07 seconds)
Usermode: 183.62
Kernel mode: 272.67
Average CPU %: 29%
Max memory: 84576 (Kbytes)
---------
Total time elapsed: 25:51.38 (1551.38 seconds)
Usermode: 182.30
Kernel mode: 272.20
Average CPU %: 29%
Max memory: 84344 (Kbytes)
---------
Total time elapsed: 25:51.44 (1551.44 seconds)
Usermode: 181.71
Kernel mode: 272.52
Average CPU %: 29%
Max memory: 81716 (Kbytes)
---------
Total time elapsed: 25:51.39 (1551.39 seconds)
Usermode: 184.99
Kernel mode: 270.87
Average CPU %: 29%
Max memory: 84356 (Kbytes)
---------
Total time elapsed: 25:51.42 (1551.42 seconds)
Usermode: 184.55
Kernel mode: 270.44
Average CPU %: 29%
Max memory: 83040 (Kbytes)
---------
Total time elapsed: 25:51.22 (1551.22 seconds)
Usermode: 181.30
Kernel mode: 272.32
Average CPU %: 29%
Max memory: 84908 (Kbytes)
---------
Total time elapsed: 25:52.76 (1552.76 seconds)
Usermode: 183.16
Kernel mode: 273.92
Average CPU %: 29%
Max memory: 84852 (Kbytes)
---------
Total time elapsed: 25:52.01 (1552.01 seconds)
Usermode: 183.70
Kernel mode: 271.74
Average CPU %: 29%
Max memory: 85120 (Kbytes)
---------
Total time elapsed: 25:51.21 (1551.21 seconds)
Usermode: 182.00
Kernel mode: 273.84
Average CPU %: 29%
Max memory: 84300 (Kbytes)
---------
