Total time elapsed: 25:21.35 (1521.35 seconds)
Usermode: 174.62
Kernel mode: 261.68
Average CPU %: 28%
Max memory: 75184 (Kbytes)
---------
Total time elapsed: 25:23.02 (1523.02 seconds)
Usermode: 174.48
Kernel mode: 261.89
Average CPU %: 28%
Max memory: 76640 (Kbytes)
---------
Total time elapsed: 25:23.87 (1523.87 seconds)
Usermode: 176.15
Kernel mode: 262.06
Average CPU %: 28%
Max memory: 76888 (Kbytes)
---------
Total time elapsed: 25:22.12 (1522.12 seconds)
Usermode: 182.54
Kernel mode: 256.01
Average CPU %: 28%
Max memory: 75212 (Kbytes)
---------
Total time elapsed: 25:22.66 (1522.66 seconds)
Usermode: 176.23
Kernel mode: 259.53
Average CPU %: 28%
Max memory: 76612 (Kbytes)
---------
Total time elapsed: 25:23.35 (1523.35 seconds)
Usermode: 175.09
Kernel mode: 261.79
Average CPU %: 28%
Max memory: 75460 (Kbytes)
---------
Total time elapsed: 25:22.50 (1522.50 seconds)
Usermode: 173.41
Kernel mode: 263.02
Average CPU %: 28%
Max memory: 75892 (Kbytes)
---------
Total time elapsed: 25:21.69 (1521.69 seconds)
Usermode: 177.98
Kernel mode: 258.64
Average CPU %: 28%
Max memory: 77196 (Kbytes)
---------
Total time elapsed: 25:22.92 (1522.92 seconds)
Usermode: 177.08
Kernel mode: 260.52
Average CPU %: 28%
Max memory: 76696 (Kbytes)
---------
Total time elapsed: 25:23.62 (1523.62 seconds)
Usermode: 173.88
Kernel mode: 262.52
Average CPU %: 28%
Max memory: 77696 (Kbytes)
---------
Total time elapsed: 25:21.94 (1521.94 seconds)
Usermode: 175.58
Kernel mode: 262.13
Average CPU %: 28%
Max memory: 77980 (Kbytes)
---------
Total time elapsed: 25:22.67 (1522.67 seconds)
Usermode: 179.28
Kernel mode: 257.59
Average CPU %: 28%
Max memory: 76704 (Kbytes)
---------
Total time elapsed: 25:22.37 (1522.37 seconds)
Usermode: 175.77
Kernel mode: 263.15
Average CPU %: 28%
Max memory: 77132 (Kbytes)
---------
Total time elapsed: 25:23.32 (1523.32 seconds)
Usermode: 177.97
Kernel mode: 260.17
Average CPU %: 28%
Max memory: 76720 (Kbytes)
---------
Total time elapsed: 25:22.37 (1522.37 seconds)
Usermode: 178.96
Kernel mode: 259.79
Average CPU %: 28%
Max memory: 74672 (Kbytes)
---------
Total time elapsed: 25:23.34 (1523.34 seconds)
Usermode: 174.76
Kernel mode: 261.95
Average CPU %: 28%
Max memory: 76944 (Kbytes)
---------
Total time elapsed: 25:22.52 (1522.52 seconds)
Usermode: 175.61
Kernel mode: 260.29
Average CPU %: 28%
Max memory: 77736 (Kbytes)
---------
Total time elapsed: 25:22.78 (1522.78 seconds)
Usermode: 176.96
Kernel mode: 260.41
Average CPU %: 28%
Max memory: 77004 (Kbytes)
---------
Total time elapsed: 25:21.97 (1521.97 seconds)
Usermode: 175.11
Kernel mode: 260.60
Average CPU %: 28%
Max memory: 75076 (Kbytes)
---------
Total time elapsed: 25:22.54 (1522.54 seconds)
Usermode: 173.64
Kernel mode: 262.04
Average CPU %: 28%
Max memory: 75896 (Kbytes)
---------
Total time elapsed: 25:23.43 (1523.43 seconds)
Usermode: 175.83
Kernel mode: 261.40
Average CPU %: 28%
Max memory: 76112 (Kbytes)
---------
