Total time elapsed: 25:53.45 (1553.45 seconds)
Usermode: 126.34
Kernel mode: 119.12
Average CPU %: 15%
Max memory: 53992 (Kbytes)
---------
Total time elapsed: 25:52.57 (1552.57 seconds)
Usermode: 127.51
Kernel mode: 114.41
Average CPU %: 15%
Max memory: 54168 (Kbytes)
---------
Total time elapsed: 25:51.83 (1551.83 seconds)
Usermode: 127.37
Kernel mode: 114.95
Average CPU %: 15%
Max memory: 54468 (Kbytes)
---------
Total time elapsed: 25:52.39 (1552.39 seconds)
Usermode: 126.83
Kernel mode: 115.50
Average CPU %: 15%
Max memory: 53960 (Kbytes)
---------
Total time elapsed: 25:52.19 (1552.19 seconds)
Usermode: 126.36
Kernel mode: 117.08
Average CPU %: 15%
Max memory: 54452 (Kbytes)
---------
Total time elapsed: 25:52.98 (1552.98 seconds)
Usermode: 126.49
Kernel mode: 114.93
Average CPU %: 15%
Max memory: 54076 (Kbytes)
---------
Total time elapsed: 25:52.15 (1552.15 seconds)
Usermode: 128.51
Kernel mode: 116.72
Average CPU %: 15%
Max memory: 54412 (Kbytes)
---------
Total time elapsed: 25:53.58 (1553.58 seconds)
Usermode: 127.99
Kernel mode: 117.26
Average CPU %: 15%
Max memory: 53960 (Kbytes)
---------
Total time elapsed: 25:52.82 (1552.82 seconds)
Usermode: 126.33
Kernel mode: 116.52
Average CPU %: 15%
Max memory: 54440 (Kbytes)
---------
Total time elapsed: 25:53.56 (1553.56 seconds)
Usermode: 126.97
Kernel mode: 117.66
Average CPU %: 15%
Max memory: 54500 (Kbytes)
---------
Total time elapsed: 25:52.10 (1552.10 seconds)
Usermode: 129.33
Kernel mode: 115.02
Average CPU %: 15%
Max memory: 53992 (Kbytes)
---------
Total time elapsed: 25:52.84 (1552.84 seconds)
Usermode: 128.19
Kernel mode: 118.26
Average CPU %: 15%
Max memory: 54480 (Kbytes)
---------
Total time elapsed: 25:52.40 (1552.40 seconds)
Usermode: 126.09
Kernel mode: 118.84
Average CPU %: 15%
Max memory: 54028 (Kbytes)
---------
Total time elapsed: 25:52.97 (1552.97 seconds)
Usermode: 127.50
Kernel mode: 118.08
Average CPU %: 15%
Max memory: 54008 (Kbytes)
---------
Total time elapsed: 25:52.20 (1552.20 seconds)
Usermode: 128.15
Kernel mode: 118.86
Average CPU %: 15%
Max memory: 53968 (Kbytes)
---------
Total time elapsed: 25:52.86 (1552.86 seconds)
Usermode: 126.71
Kernel mode: 119.32
Average CPU %: 15%
Max memory: 53904 (Kbytes)
---------
Total time elapsed: 25:52.73 (1552.73 seconds)
Usermode: 128.24
Kernel mode: 117.74
Average CPU %: 15%
Max memory: 54020 (Kbytes)
---------
Total time elapsed: 25:53.01 (1553.01 seconds)
Usermode: 129.31
Kernel mode: 117.38
Average CPU %: 15%
Max memory: 54020 (Kbytes)
---------
Total time elapsed: 25:51.97 (1551.97 seconds)
Usermode: 127.99
Kernel mode: 119.35
Average CPU %: 15%
Max memory: 54016 (Kbytes)
---------
Total time elapsed: 25:52.25 (1552.25 seconds)
Usermode: 127.79
Kernel mode: 114.76
Average CPU %: 15%
Max memory: 54152 (Kbytes)
---------
