Total time elapsed: 25:22.33 (1522.33 seconds)
Usermode: 122.56
Kernel mode: 111.01
Average CPU %: 15%
Max memory: 53856 (Kbytes)
---------
Total time elapsed: 25:23.99 (1523.99 seconds)
Usermode: 124.25
Kernel mode: 113.82
Average CPU %: 15%
Max memory: 54596 (Kbytes)
---------
Total time elapsed: 25:23.94 (1523.94 seconds)
Usermode: 122.66
Kernel mode: 113.00
Average CPU %: 15%
Max memory: 53840 (Kbytes)
---------
Total time elapsed: 25:22.95 (1522.95 seconds)
Usermode: 122.31
Kernel mode: 113.76
Average CPU %: 15%
Max memory: 53860 (Kbytes)
---------
Total time elapsed: 25:23.39 (1523.39 seconds)
Usermode: 122.66
Kernel mode: 112.91
Average CPU %: 15%
Max memory: 54564 (Kbytes)
---------
Total time elapsed: 25:23.93 (1523.93 seconds)
Usermode: 122.89
Kernel mode: 113.20
Average CPU %: 15%
Max memory: 53916 (Kbytes)
---------
Total time elapsed: 25:24.10 (1524.10 seconds)
Usermode: 122.11
Kernel mode: 111.12
Average CPU %: 15%
Max memory: 53848 (Kbytes)
---------
Total time elapsed: 25:22.35 (1522.35 seconds)
Usermode: 123.63
Kernel mode: 111.35
Average CPU %: 15%
Max memory: 53916 (Kbytes)
---------
Total time elapsed: 25:22.96 (1522.96 seconds)
Usermode: 123.02
Kernel mode: 112.44
Average CPU %: 15%
Max memory: 54628 (Kbytes)
---------
Total time elapsed: 25:23.15 (1523.15 seconds)
Usermode: 125.45
Kernel mode: 114.49
Average CPU %: 15%
Max memory: 53996 (Kbytes)
---------
Total time elapsed: 25:22.56 (1522.56 seconds)
Usermode: 123.20
Kernel mode: 114.65
Average CPU %: 15%
Max memory: 53896 (Kbytes)
---------
Total time elapsed: 25:23.03 (1523.03 seconds)
Usermode: 124.63
Kernel mode: 112.38
Average CPU %: 15%
Max memory: 53912 (Kbytes)
---------
Total time elapsed: 25:23.81 (1523.81 seconds)
Usermode: 124.72
Kernel mode: 112.41
Average CPU %: 15%
Max memory: 54640 (Kbytes)
---------
Total time elapsed: 25:24.38 (1524.38 seconds)
Usermode: 124.71
Kernel mode: 111.25
Average CPU %: 15%
Max memory: 53856 (Kbytes)
---------
Total time elapsed: 25:22.84 (1522.84 seconds)
Usermode: 123.99
Kernel mode: 114.41
Average CPU %: 15%
Max memory: 54048 (Kbytes)
---------
Total time elapsed: 25:23.88 (1523.88 seconds)
Usermode: 123.05
Kernel mode: 113.57
Average CPU %: 15%
Max memory: 54600 (Kbytes)
---------
Total time elapsed: 25:24.71 (1524.71 seconds)
Usermode: 122.22
Kernel mode: 112.58
Average CPU %: 15%
Max memory: 54116 (Kbytes)
---------
Total time elapsed: 25:23.67 (1523.67 seconds)
Usermode: 123.51
Kernel mode: 113.10
Average CPU %: 15%
Max memory: 54644 (Kbytes)
---------
Total time elapsed: 25:21.98 (1521.98 seconds)
Usermode: 123.92
Kernel mode: 113.20
Average CPU %: 15%
Max memory: 53892 (Kbytes)
---------
Total time elapsed: 25:23.71 (1523.71 seconds)
Usermode: 121.37
Kernel mode: 116.94
Average CPU %: 15%
Max memory: 53920 (Kbytes)
---------
Total time elapsed: 25:24.32 (1524.32 seconds)
Usermode: 121.54
Kernel mode: 111.78
Average CPU %: 15%
Max memory: 54048 (Kbytes)
---------
