Total time elapsed: 25:22.84 (1522.84 seconds)
Usermode: 49.02
Kernel mode: 85.65
Average CPU %: 8%
Max memory: 206196 (Kbytes)
---------
Total time elapsed: 25:23.55 (1523.55 seconds)
Usermode: 49.71
Kernel mode: 84.65
Average CPU %: 8%
Max memory: 206184 (Kbytes)
---------
Total time elapsed: 25:23.99 (1523.99 seconds)
Usermode: 48.25
Kernel mode: 85.83
Average CPU %: 8%
Max memory: 206188 (Kbytes)
---------
Total time elapsed: 25:22.43 (1522.43 seconds)
Usermode: 49.18
Kernel mode: 82.95
Average CPU %: 8%
Max memory: 206280 (Kbytes)
---------
Total time elapsed: 25:23.44 (1523.44 seconds)
Usermode: 48.20
Kernel mode: 85.46
Average CPU %: 8%
Max memory: 206252 (Kbytes)
---------
Total time elapsed: 25:23.89 (1523.89 seconds)
Usermode: 47.36
Kernel mode: 85.91
Average CPU %: 8%
Max memory: 206228 (Kbytes)
---------
Total time elapsed: 25:23.98 (1523.98 seconds)
Usermode: 48.94
Kernel mode: 85.55
Average CPU %: 8%
Max memory: 206176 (Kbytes)
---------
Total time elapsed: 25:22.19 (1522.19 seconds)
Usermode: 46.87
Kernel mode: 85.08
Average CPU %: 8%
Max memory: 206364 (Kbytes)
---------
Total time elapsed: 25:23.81 (1523.81 seconds)
Usermode: 46.04
Kernel mode: 85.17
Average CPU %: 8%
Max memory: 206280 (Kbytes)
---------
Total time elapsed: 25:23.89 (1523.89 seconds)
Usermode: 49.23
Kernel mode: 80.81
Average CPU %: 8%
Max memory: 206032 (Kbytes)
---------
Total time elapsed: 25:22.56 (1522.56 seconds)
Usermode: 48.43
Kernel mode: 85.64
Average CPU %: 8%
Max memory: 206180 (Kbytes)
---------
Total time elapsed: 25:22.89 (1522.89 seconds)
Usermode: 48.23
Kernel mode: 98.71
Average CPU %: 9%
Max memory: 206256 (Kbytes)
---------
Total time elapsed: 25:22.78 (1522.78 seconds)
Usermode: 45.54
Kernel mode: 85.55
Average CPU %: 8%
Max memory: 206372 (Kbytes)
---------
Total time elapsed: 25:23.59 (1523.59 seconds)
Usermode: 47.97
Kernel mode: 86.10
Average CPU %: 8%
Max memory: 206480 (Kbytes)
---------
Total time elapsed: 25:23.59 (1523.59 seconds)
Usermode: 49.26
Kernel mode: 84.67
Average CPU %: 8%
Max memory: 206244 (Kbytes)
---------
Total time elapsed: 25:23.68 (1523.68 seconds)
Usermode: 48.07
Kernel mode: 85.76
Average CPU %: 8%
Max memory: 206160 (Kbytes)
---------
Total time elapsed: 25:23.48 (1523.48 seconds)
Usermode: 48.40
Kernel mode: 82.95
Average CPU %: 8%
Max memory: 206028 (Kbytes)
---------
Total time elapsed: 25:23.80 (1523.80 seconds)
Usermode: 46.96
Kernel mode: 87.10
Average CPU %: 8%
Max memory: 206228 (Kbytes)
---------
Total time elapsed: 25:22.39 (1522.39 seconds)
Usermode: 49.01
Kernel mode: 103.85
Average CPU %: 10%
Max memory: 206372 (Kbytes)
---------
Total time elapsed: 25:23.89 (1523.89 seconds)
Usermode: 47.46
Kernel mode: 84.18
Average CPU %: 8%
Max memory: 206016 (Kbytes)
---------
Total time elapsed: 25:23.60 (1523.60 seconds)
Usermode: 48.63
Kernel mode: 85.77
Average CPU %: 8%
Max memory: 206244 (Kbytes)
---------
