Total time elapsed: 25:52.85 (1552.85 seconds)
Usermode: 51.56
Kernel mode: 87.87
Average CPU %: 8%
Max memory: 209392 (Kbytes)
---------
Total time elapsed: 25:52.27 (1552.27 seconds)
Usermode: 53.48
Kernel mode: 85.48
Average CPU %: 8%
Max memory: 209420 (Kbytes)
---------
Total time elapsed: 25:52.03 (1552.03 seconds)
Usermode: 54.30
Kernel mode: 86.99
Average CPU %: 9%
Max memory: 209420 (Kbytes)
---------
Total time elapsed: 25:52.94 (1552.94 seconds)
Usermode: 52.98
Kernel mode: 86.17
Average CPU %: 8%
Max memory: 209380 (Kbytes)
---------
Total time elapsed: 25:52.25 (1552.25 seconds)
Usermode: 50.16
Kernel mode: 86.73
Average CPU %: 8%
Max memory: 209432 (Kbytes)
---------
Total time elapsed: 25:53.09 (1553.09 seconds)
Usermode: 54.31
Kernel mode: 85.78
Average CPU %: 9%
Max memory: 209328 (Kbytes)
---------
Total time elapsed: 25:52.18 (1552.18 seconds)
Usermode: 53.18
Kernel mode: 85.85
Average CPU %: 8%
Max memory: 209508 (Kbytes)
---------
Total time elapsed: 25:53.11 (1553.11 seconds)
Usermode: 54.63
Kernel mode: 88.89
Average CPU %: 9%
Max memory: 209332 (Kbytes)
---------
Total time elapsed: 25:52.91 (1552.91 seconds)
Usermode: 52.49
Kernel mode: 86.04
Average CPU %: 8%
Max memory: 209348 (Kbytes)
---------
Total time elapsed: 25:53.30 (1553.30 seconds)
Usermode: 55.87
Kernel mode: 84.37
Average CPU %: 9%
Max memory: 209332 (Kbytes)
---------
Total time elapsed: 25:52.30 (1552.30 seconds)
Usermode: 50.29
Kernel mode: 87.25
Average CPU %: 8%
Max memory: 209276 (Kbytes)
---------
Total time elapsed: 25:52.06 (1552.06 seconds)
Usermode: 51.84
Kernel mode: 84.64
Average CPU %: 8%
Max memory: 209396 (Kbytes)
---------
Total time elapsed: 25:52.18 (1552.18 seconds)
Usermode: 56.57
Kernel mode: 88.03
Average CPU %: 9%
Max memory: 209512 (Kbytes)
---------
Total time elapsed: 25:52.12 (1552.12 seconds)
Usermode: 51.67
Kernel mode: 87.17
Average CPU %: 8%
Max memory: 209436 (Kbytes)
---------
Total time elapsed: 25:52.28 (1552.28 seconds)
Usermode: 52.67
Kernel mode: 87.19
Average CPU %: 9%
Max memory: 209620 (Kbytes)
---------
Total time elapsed: 25:52.00 (1552.00 seconds)
Usermode: 51.14
Kernel mode: 88.32
Average CPU %: 8%
Max memory: 209352 (Kbytes)
---------
Total time elapsed: 25:52.21 (1552.21 seconds)
Usermode: 50.78
Kernel mode: 85.29
Average CPU %: 8%
Max memory: 209384 (Kbytes)
---------
Total time elapsed: 25:52.30 (1552.30 seconds)
Usermode: 51.42
Kernel mode: 89.37
Average CPU %: 9%
Max memory: 209360 (Kbytes)
---------
Total time elapsed: 25:52.01 (1552.01 seconds)
Usermode: 49.09
Kernel mode: 87.41
Average CPU %: 8%
Max memory: 209440 (Kbytes)
---------
Total time elapsed: 25:53.13 (1553.13 seconds)
Usermode: 53.34
Kernel mode: 84.12
Average CPU %: 8%
Max memory: 209584 (Kbytes)
---------
