Total time elapsed: 53:45.91 (3225.91 seconds)
Usermode: 532.31
Kernel mode: 881.01
Average CPU %: 43%
Max memory: 88996 (Kbytes)
---------
Total time elapsed: 53:44.83 (3224.83 seconds)
Usermode: 535.09
Kernel mode: 876.09
Average CPU %: 43%
Max memory: 89032 (Kbytes)
---------
Total time elapsed: 53:43.76 (3223.76 seconds)
Usermode: 536.96
Kernel mode: 878.97
Average CPU %: 43%
Max memory: 89080 (Kbytes)
---------
Total time elapsed: 53:45.09 (3225.09 seconds)
Usermode: 535.65
Kernel mode: 873.55
Average CPU %: 43%
Max memory: 88908 (Kbytes)
---------
Total time elapsed: 53:44.26 (3224.26 seconds)
Usermode: 543.85
Kernel mode: 865.73
Average CPU %: 43%
Max memory: 89264 (Kbytes)
---------
Total time elapsed: 53:43.37 (3223.37 seconds)
Usermode: 540.31
Kernel mode: 873.30
Average CPU %: 43%
Max memory: 89240 (Kbytes)
---------
Total time elapsed: 53:44.00 (3224.00 seconds)
Usermode: 536.52
Kernel mode: 874.42
Average CPU %: 43%
Max memory: 89048 (Kbytes)
---------
Total time elapsed: 53:42.06 (3222.06 seconds)
Usermode: 535.47
Kernel mode: 868.60
Average CPU %: 43%
Max memory: 89144 (Kbytes)
---------
Total time elapsed: 53:44.60 (3224.60 seconds)
Usermode: 536.24
Kernel mode: 879.45
Average CPU %: 43%
Max memory: 89200 (Kbytes)
---------
Total time elapsed: 53:44.05 (3224.05 seconds)
Usermode: 531.68
Kernel mode: 869.13
Average CPU %: 43%
Max memory: 88960 (Kbytes)
---------
Total time elapsed: 53:44.93 (3224.93 seconds)
Usermode: 531.58
Kernel mode: 876.41
Average CPU %: 43%
Max memory: 89108 (Kbytes)
---------
Total time elapsed: 53:42.95 (3222.95 seconds)
Usermode: 537.28
Kernel mode: 872.58
Average CPU %: 43%
Max memory: 88956 (Kbytes)
---------
Total time elapsed: 53:43.75 (3223.75 seconds)
Usermode: 538.84
Kernel mode: 879.83
Average CPU %: 44%
Max memory: 88888 (Kbytes)
---------
Total time elapsed: 53:44.07 (3224.07 seconds)
Usermode: 538.83
Kernel mode: 871.68
Average CPU %: 43%
Max memory: 88896 (Kbytes)
---------
Total time elapsed: 53:43.58 (3223.58 seconds)
Usermode: 538.19
Kernel mode: 875.33
Average CPU %: 43%
Max memory: 89200 (Kbytes)
---------
Total time elapsed: 53:44.26 (3224.26 seconds)
Usermode: 535.85
Kernel mode: 873.70
Average CPU %: 43%
Max memory: 88948 (Kbytes)
---------
Total time elapsed: 53:44.89 (3224.89 seconds)
Usermode: 537.60
Kernel mode: 871.84
Average CPU %: 43%
Max memory: 89216 (Kbytes)
---------
Total time elapsed: 53:44.52 (3224.52 seconds)
Usermode: 506.75
Kernel mode: 888.98
Average CPU %: 43%
Max memory: 89320 (Kbytes)
---------
Total time elapsed: 53:44.60 (3224.60 seconds)
Usermode: 535.74
Kernel mode: 879.89
Average CPU %: 43%
Max memory: 89160 (Kbytes)
---------
Total time elapsed: 53:44.81 (3224.81 seconds)
Usermode: 534.72
Kernel mode: 876.21
Average CPU %: 43%
Max memory: 89120 (Kbytes)
---------
Total time elapsed: 53:44.50 (3224.50 seconds)
Usermode: 540.25
Kernel mode: 870.99
Average CPU %: 43%
Max memory: 89132 (Kbytes)
---------
Total time elapsed: 53:43.84 (3223.84 seconds)
Usermode: 546.32
Kernel mode: 870.89
Average CPU %: 43%
Max memory: 88880 (Kbytes)
---------
Total time elapsed: 53:45.71 (3225.71 seconds)
Usermode: 538.24
Kernel mode: 881.77
Average CPU %: 44%
Max memory: 89140 (Kbytes)
---------
Total time elapsed: 53:43.87 (3223.87 seconds)
Usermode: 538.14
Kernel mode: 880.46
Average CPU %: 44%
Max memory: 88940 (Kbytes)
---------
Total time elapsed: 53:45.03 (3225.03 seconds)
Usermode: 532.09
Kernel mode: 877.48
Average CPU %: 43%
Max memory: 88912 (Kbytes)
---------
Total time elapsed: 53:43.74 (3223.74 seconds)
Usermode: 537.50
Kernel mode: 875.61
Average CPU %: 43%
Max memory: 88824 (Kbytes)
---------
Total time elapsed: 53:44.10 (3224.10 seconds)
Usermode: 532.97
Kernel mode: 878.64
Average CPU %: 43%
Max memory: 89024 (Kbytes)
---------
Total time elapsed: 53:44.57 (3224.57 seconds)
Usermode: 537.88
Kernel mode: 871.28
Average CPU %: 43%
Max memory: 89276 (Kbytes)
---------
Total time elapsed: 53:44.63 (3224.63 seconds)
Usermode: 545.07
Kernel mode: 866.15
Average CPU %: 43%
Max memory: 89140 (Kbytes)
---------
Total time elapsed: 53:44.83 (3224.83 seconds)
Usermode: 538.01
Kernel mode: 868.51
Average CPU %: 43%
Max memory: 89076 (Kbytes)
---------
Total time elapsed: 53:44.08 (3224.08 seconds)
Usermode: 536.94
Kernel mode: 871.32
Average CPU %: 43%
Max memory: 89156 (Kbytes)
---------
Total time elapsed: 53:43.34 (3223.34 seconds)
Usermode: 538.10
Kernel mode: 877.12
Average CPU %: 43%
Max memory: 89076 (Kbytes)
---------
Total time elapsed: 53:45.14 (3225.14 seconds)
Usermode: 542.40
Kernel mode: 873.05
Average CPU %: 43%
Max memory: 89140 (Kbytes)
---------
Total time elapsed: 53:43.18 (3223.18 seconds)
Usermode: 537.55
Kernel mode: 873.73
Average CPU %: 43%
Max memory: 88952 (Kbytes)
---------
Total time elapsed: 53:45.52 (3225.52 seconds)
Usermode: 530.44
Kernel mode: 880.94
Average CPU %: 43%
Max memory: 89004 (Kbytes)
---------
Total time elapsed: 53:45.28 (3225.28 seconds)
Usermode: 522.75
Kernel mode: 883.88
Average CPU %: 43%
Max memory: 88988 (Kbytes)
---------
Total time elapsed: 53:44.03 (3224.03 seconds)
Usermode: 527.81
Kernel mode: 872.97
Average CPU %: 43%
Max memory: 89392 (Kbytes)
---------
Total time elapsed: 53:43.57 (3223.57 seconds)
Usermode: 530.24
Kernel mode: 884.57
Average CPU %: 43%
Max memory: 88932 (Kbytes)
---------
Total time elapsed: 53:44.30 (3224.30 seconds)
Usermode: 534.81
Kernel mode: 873.61
Average CPU %: 43%
Max memory: 89096 (Kbytes)
---------
Total time elapsed: 53:43.76 (3223.76 seconds)
Usermode: 542.04
Kernel mode: 873.15
Average CPU %: 43%
Max memory: 88856 (Kbytes)
---------
Total time elapsed: 53:44.33 (3224.33 seconds)
Usermode: 542.72
Kernel mode: 872.91
Average CPU %: 43%
Max memory: 88936 (Kbytes)
---------
Total time elapsed: 53:44.09 (3224.09 seconds)
Usermode: 538.07
Kernel mode: 864.74
Average CPU %: 43%
Max memory: 89092 (Kbytes)
---------
Total time elapsed: 53:44.03 (3224.03 seconds)
Usermode: 537.28
Kernel mode: 877.79
Average CPU %: 43%
Max memory: 88888 (Kbytes)
---------
Total time elapsed: 53:44.07 (3224.07 seconds)
Usermode: 536.57
Kernel mode: 876.83
Average CPU %: 43%
Max memory: 88872 (Kbytes)
---------
Total time elapsed: 53:43.12 (3223.12 seconds)
Usermode: 539.79
Kernel mode: 878.10
Average CPU %: 43%
Max memory: 89144 (Kbytes)
---------
Total time elapsed: 53:44.83 (3224.83 seconds)
Usermode: 539.90
Kernel mode: 867.17
Average CPU %: 43%
Max memory: 89120 (Kbytes)
---------
Total time elapsed: 53:42.47 (3222.47 seconds)
Usermode: 521.12
Kernel mode: 887.96
Average CPU %: 43%
Max memory: 89148 (Kbytes)
---------
Total time elapsed: 53:43.38 (3223.38 seconds)
Usermode: 541.61
Kernel mode: 867.91
Average CPU %: 43%
Max memory: 89212 (Kbytes)
---------
Total time elapsed: 53:42.47 (3222.47 seconds)
Usermode: 545.43
Kernel mode: 870.59
Average CPU %: 43%
Max memory: 89464 (Kbytes)
---------
Total time elapsed: 53:45.44 (3225.44 seconds)
Usermode: 536.14
Kernel mode: 873.47
Average CPU %: 43%
Max memory: 89160 (Kbytes)
---------
Total time elapsed: 53:44.63 (3224.63 seconds)
Usermode: 538.52
Kernel mode: 875.59
Average CPU %: 43%
Max memory: 88936 (Kbytes)
---------
Total time elapsed: 53:44.04 (3224.04 seconds)
Usermode: 536.26
Kernel mode: 868.56
Average CPU %: 43%
Max memory: 88828 (Kbytes)
---------
Total time elapsed: 53:46.16 (3226.16 seconds)
Usermode: 537.95
Kernel mode: 873.74
Average CPU %: 43%
Max memory: 88924 (Kbytes)
---------
Total time elapsed: 53:43.96 (3223.96 seconds)
Usermode: 545.42
Kernel mode: 871.07
Average CPU %: 43%
Max memory: 89076 (Kbytes)
---------
Total time elapsed: 53:44.95 (3224.95 seconds)
Usermode: 544.12
Kernel mode: 874.53
Average CPU %: 43%
Max memory: 88976 (Kbytes)
---------
Total time elapsed: 53:44.66 (3224.66 seconds)
Usermode: 543.89
Kernel mode: 870.21
Average CPU %: 43%
Max memory: 89076 (Kbytes)
---------
Total time elapsed: 53:43.66 (3223.66 seconds)
Usermode: 541.08
Kernel mode: 869.38
Average CPU %: 43%
Max memory: 88912 (Kbytes)
---------
Total time elapsed: 53:45.19 (3225.19 seconds)
Usermode: 535.34
Kernel mode: 875.18
Average CPU %: 43%
Max memory: 89144 (Kbytes)
---------
Total time elapsed: 53:44.76 (3224.76 seconds)
Usermode: 532.36
Kernel mode: 877.43
Average CPU %: 43%
Max memory: 89020 (Kbytes)
---------
Total time elapsed: 53:45.14 (3225.14 seconds)
Usermode: 530.77
Kernel mode: 880.53
Average CPU %: 43%
Max memory: 89144 (Kbytes)
---------
Total time elapsed: 53:44.08 (3224.08 seconds)
Usermode: 538.56
Kernel mode: 870.82
Average CPU %: 43%
Max memory: 88872 (Kbytes)
---------
Total time elapsed: 53:44.14 (3224.14 seconds)
Usermode: 534.27
Kernel mode: 880.75
Average CPU %: 43%
Max memory: 88968 (Kbytes)
---------
Total time elapsed: 53:43.81 (3223.81 seconds)
Usermode: 537.04
Kernel mode: 872.87
Average CPU %: 43%
Max memory: 88960 (Kbytes)
---------
Total time elapsed: 53:44.47 (3224.47 seconds)
Usermode: 529.92
Kernel mode: 877.03
Average CPU %: 43%
Max memory: 88860 (Kbytes)
---------
Total time elapsed: 53:43.62 (3223.62 seconds)
Usermode: 534.40
Kernel mode: 871.83
Average CPU %: 43%
Max memory: 88880 (Kbytes)
---------
Total time elapsed: 53:44.40 (3224.40 seconds)
Usermode: 536.18
Kernel mode: 870.26
Average CPU %: 43%
Max memory: 89236 (Kbytes)
---------
Total time elapsed: 53:45.12 (3225.12 seconds)
Usermode: 542.59
Kernel mode: 872.27
Average CPU %: 43%
Max memory: 89036 (Kbytes)
---------
Total time elapsed: 53:44.26 (3224.26 seconds)
Usermode: 534.19
Kernel mode: 865.61
Average CPU %: 43%
Max memory: 88980 (Kbytes)
---------
Total time elapsed: 53:46.08 (3226.08 seconds)
Usermode: 536.56
Kernel mode: 874.36
Average CPU %: 43%
Max memory: 89100 (Kbytes)
---------
Total time elapsed: 53:43.81 (3223.81 seconds)
Usermode: 542.40
Kernel mode: 867.78
Average CPU %: 43%
Max memory: 89020 (Kbytes)
---------
Total time elapsed: 53:43.93 (3223.93 seconds)
Usermode: 537.74
Kernel mode: 874.90
Average CPU %: 43%
Max memory: 89104 (Kbytes)
---------
Total time elapsed: 53:44.50 (3224.50 seconds)
Usermode: 538.41
Kernel mode: 875.49
Average CPU %: 43%
Max memory: 88968 (Kbytes)
---------
Total time elapsed: 53:44.94 (3224.94 seconds)
Usermode: 534.93
Kernel mode: 872.65
Average CPU %: 43%
Max memory: 89104 (Kbytes)
---------
Total time elapsed: 53:43.43 (3223.43 seconds)
Usermode: 537.32
Kernel mode: 872.16
Average CPU %: 43%
Max memory: 89216 (Kbytes)
---------
Total time elapsed: 53:44.18 (3224.18 seconds)
Usermode: 534.08
Kernel mode: 868.82
Average CPU %: 43%
Max memory: 89112 (Kbytes)
---------
Total time elapsed: 53:43.54 (3223.54 seconds)
Usermode: 530.82
Kernel mode: 879.86
Average CPU %: 43%
Max memory: 89144 (Kbytes)
---------
Total time elapsed: 53:44.78 (3224.78 seconds)
Usermode: 536.59
Kernel mode: 873.47
Average CPU %: 43%
Max memory: 88884 (Kbytes)
---------
Total time elapsed: 53:44.78 (3224.78 seconds)
Usermode: 536.98
Kernel mode: 879.59
Average CPU %: 43%
Max memory: 88808 (Kbytes)
---------
Total time elapsed: 53:44.78 (3224.78 seconds)
Usermode: 539.35
Kernel mode: 871.00
Average CPU %: 43%
Max memory: 89200 (Kbytes)
---------
Total time elapsed: 53:45.02 (3225.02 seconds)
Usermode: 536.21
Kernel mode: 878.50
Average CPU %: 43%
Max memory: 89068 (Kbytes)
---------
Total time elapsed: 53:46.19 (3226.19 seconds)
Usermode: 542.79
Kernel mode: 874.76
Average CPU %: 43%
Max memory: 89004 (Kbytes)
---------
Total time elapsed: 53:44.64 (3224.64 seconds)
Usermode: 533.99
Kernel mode: 877.48
Average CPU %: 43%
Max memory: 89112 (Kbytes)
---------
Total time elapsed: 53:44.00 (3224.00 seconds)
Usermode: 536.69
Kernel mode: 871.72
Average CPU %: 43%
Max memory: 89204 (Kbytes)
---------
Total time elapsed: 53:44.79 (3224.79 seconds)
Usermode: 532.22
Kernel mode: 877.58
Average CPU %: 43%
Max memory: 88988 (Kbytes)
---------
Total time elapsed: 53:42.95 (3222.95 seconds)
Usermode: 535.48
Kernel mode: 872.34
Average CPU %: 43%
Max memory: 88856 (Kbytes)
---------
Total time elapsed: 53:43.77 (3223.77 seconds)
Usermode: 536.00
Kernel mode: 873.17
Average CPU %: 43%
Max memory: 89184 (Kbytes)
---------
Total time elapsed: 53:44.59 (3224.59 seconds)
Usermode: 539.84
Kernel mode: 873.40
Average CPU %: 43%
Max memory: 89004 (Kbytes)
---------
Total time elapsed: 53:44.00 (3224.00 seconds)
Usermode: 543.31
Kernel mode: 873.37
Average CPU %: 43%
Max memory: 88976 (Kbytes)
---------
Total time elapsed: 53:44.75 (3224.75 seconds)
Usermode: 536.96
Kernel mode: 875.79
Average CPU %: 43%
Max memory: 89152 (Kbytes)
---------
Total time elapsed: 53:44.03 (3224.03 seconds)
Usermode: 538.79
Kernel mode: 876.16
Average CPU %: 43%
Max memory: 89368 (Kbytes)
---------
Total time elapsed: 53:44.06 (3224.06 seconds)
Usermode: 537.10
Kernel mode: 867.92
Average CPU %: 43%
Max memory: 88992 (Kbytes)
---------
Total time elapsed: 53:44.47 (3224.47 seconds)
Usermode: 532.45
Kernel mode: 878.01
Average CPU %: 43%
Max memory: 89072 (Kbytes)
---------
Total time elapsed: 53:44.73 (3224.73 seconds)
Usermode: 538.38
Kernel mode: 876.29
Average CPU %: 43%
Max memory: 88928 (Kbytes)
---------
Total time elapsed: 53:43.68 (3223.68 seconds)
Usermode: 533.46
Kernel mode: 874.04
Average CPU %: 43%
Max memory: 89024 (Kbytes)
---------
Total time elapsed: 53:43.92 (3223.92 seconds)
Usermode: 543.88
Kernel mode: 866.93
Average CPU %: 43%
Max memory: 89220 (Kbytes)
---------
Total time elapsed: 53:44.68 (3224.68 seconds)
Usermode: 540.06
Kernel mode: 874.44
Average CPU %: 43%
Max memory: 89168 (Kbytes)
---------
Total time elapsed: 53:43.10 (3223.10 seconds)
Usermode: 541.03
Kernel mode: 869.25
Average CPU %: 43%
Max memory: 89236 (Kbytes)
---------
Total time elapsed: 53:44.58 (3224.58 seconds)
Usermode: 533.75
Kernel mode: 872.57
Average CPU %: 43%
Max memory: 88956 (Kbytes)
---------
Total time elapsed: 53:45.80 (3225.80 seconds)
Usermode: 542.87
Kernel mode: 871.90
Average CPU %: 43%
Max memory: 88972 (Kbytes)
---------
Total time elapsed: 53:45.39 (3225.39 seconds)
Usermode: 538.59
Kernel mode: 874.36
Average CPU %: 43%
Max memory: 89184 (Kbytes)
---------
Total time elapsed: 53:43.35 (3223.35 seconds)
Usermode: 519.64
Kernel mode: 882.51
Average CPU %: 43%
Max memory: 89160 (Kbytes)
---------
Total time elapsed: 53:44.59 (3224.59 seconds)
Usermode: 543.03
Kernel mode: 871.51
Average CPU %: 43%
Max memory: 88880 (Kbytes)
---------
Total time elapsed: 53:42.98 (3222.98 seconds)
Usermode: 534.89
Kernel mode: 875.95
Average CPU %: 43%
Max memory: 89116 (Kbytes)
---------
Total time elapsed: 53:43.09 (3223.09 seconds)
Usermode: 537.84
Kernel mode: 876.88
Average CPU %: 43%
Max memory: 88820 (Kbytes)
---------
