Total time elapsed: 53:42.20 (3222.20 seconds)
Usermode: 534.99
Kernel mode: 862.61
Average CPU %: 43%
Max memory: 85380 (Kbytes)
---------
Total time elapsed: 53:41.15 (3221.15 seconds)
Usermode: 539.23
Kernel mode: 874.22
Average CPU %: 43%
Max memory: 85552 (Kbytes)
---------
Total time elapsed: 53:42.03 (3222.03 seconds)
Usermode: 534.43
Kernel mode: 868.26
Average CPU %: 43%
Max memory: 85772 (Kbytes)
---------
Total time elapsed: 53:43.03 (3223.03 seconds)
Usermode: 537.03
Kernel mode: 874.42
Average CPU %: 43%
Max memory: 85704 (Kbytes)
---------
Total time elapsed: 53:41.37 (3221.37 seconds)
Usermode: 540.93
Kernel mode: 866.20
Average CPU %: 43%
Max memory: 85716 (Kbytes)
---------
Total time elapsed: 53:41.40 (3221.40 seconds)
Usermode: 544.59
Kernel mode: 864.47
Average CPU %: 43%
Max memory: 85560 (Kbytes)
---------
Total time elapsed: 53:41.99 (3221.99 seconds)
Usermode: 536.25
Kernel mode: 871.01
Average CPU %: 43%
Max memory: 85752 (Kbytes)
---------
Total time elapsed: 53:42.09 (3222.09 seconds)
Usermode: 531.29
Kernel mode: 873.61
Average CPU %: 43%
Max memory: 85728 (Kbytes)
---------
Total time elapsed: 53:42.97 (3222.97 seconds)
Usermode: 536.57
Kernel mode: 870.68
Average CPU %: 43%
Max memory: 85796 (Kbytes)
---------
Total time elapsed: 53:42.43 (3222.43 seconds)
Usermode: 540.71
Kernel mode: 872.90
Average CPU %: 43%
Max memory: 85764 (Kbytes)
---------
Total time elapsed: 53:41.72 (3221.72 seconds)
Usermode: 537.96
Kernel mode: 868.78
Average CPU %: 43%
Max memory: 85812 (Kbytes)
---------
Total time elapsed: 53:42.27 (3222.27 seconds)
Usermode: 537.94
Kernel mode: 873.11
Average CPU %: 43%
Max memory: 85488 (Kbytes)
---------
Total time elapsed: 53:41.39 (3221.39 seconds)
Usermode: 536.92
Kernel mode: 870.91
Average CPU %: 43%
Max memory: 85736 (Kbytes)
---------
Total time elapsed: 53:43.94 (3223.94 seconds)
Usermode: 536.70
Kernel mode: 867.01
Average CPU %: 43%
Max memory: 85716 (Kbytes)
---------
Total time elapsed: 53:43.09 (3223.09 seconds)
Usermode: 536.81
Kernel mode: 869.53
Average CPU %: 43%
Max memory: 85496 (Kbytes)
---------
Total time elapsed: 53:41.91 (3221.91 seconds)
Usermode: 540.64
Kernel mode: 873.71
Average CPU %: 43%
Max memory: 85676 (Kbytes)
---------
Total time elapsed: 53:41.47 (3221.47 seconds)
Usermode: 541.67
Kernel mode: 865.91
Average CPU %: 43%
Max memory: 85416 (Kbytes)
---------
Total time elapsed: 53:42.65 (3222.65 seconds)
Usermode: 534.06
Kernel mode: 869.30
Average CPU %: 43%
Max memory: 85752 (Kbytes)
---------
Total time elapsed: 53:42.39 (3222.39 seconds)
Usermode: 531.61
Kernel mode: 864.79
Average CPU %: 43%
Max memory: 85708 (Kbytes)
---------
Total time elapsed: 53:43.43 (3223.43 seconds)
Usermode: 538.26
Kernel mode: 868.26
Average CPU %: 43%
Max memory: 85640 (Kbytes)
---------
Total time elapsed: 53:42.77 (3222.77 seconds)
Usermode: 540.18
Kernel mode: 863.41
Average CPU %: 43%
Max memory: 85700 (Kbytes)
---------
Total time elapsed: 53:44.90 (3224.90 seconds)
Usermode: 532.47
Kernel mode: 874.18
Average CPU %: 43%
Max memory: 85404 (Kbytes)
---------
Total time elapsed: 53:42.91 (3222.91 seconds)
Usermode: 535.47
Kernel mode: 876.72
Average CPU %: 43%
Max memory: 85504 (Kbytes)
---------
Total time elapsed: 53:42.37 (3222.37 seconds)
Usermode: 552.26
Kernel mode: 854.31
Average CPU %: 43%
Max memory: 85700 (Kbytes)
---------
Total time elapsed: 53:41.98 (3221.98 seconds)
Usermode: 538.75
Kernel mode: 871.49
Average CPU %: 43%
Max memory: 85660 (Kbytes)
---------
Total time elapsed: 53:42.97 (3222.97 seconds)
Usermode: 542.17
Kernel mode: 866.10
Average CPU %: 43%
Max memory: 85524 (Kbytes)
---------
Total time elapsed: 53:42.15 (3222.15 seconds)
Usermode: 533.34
Kernel mode: 875.04
Average CPU %: 43%
Max memory: 85748 (Kbytes)
---------
Total time elapsed: 53:41.93 (3221.93 seconds)
Usermode: 533.09
Kernel mode: 874.51
Average CPU %: 43%
Max memory: 85584 (Kbytes)
---------
Total time elapsed: 53:41.49 (3221.49 seconds)
Usermode: 538.04
Kernel mode: 873.64
Average CPU %: 43%
Max memory: 85504 (Kbytes)
---------
Total time elapsed: 53:43.13 (3223.13 seconds)
Usermode: 535.94
Kernel mode: 874.80
Average CPU %: 43%
Max memory: 85524 (Kbytes)
---------
Total time elapsed: 53:42.99 (3222.99 seconds)
Usermode: 540.74
Kernel mode: 870.37
Average CPU %: 43%
Max memory: 85740 (Kbytes)
---------
Total time elapsed: 53:42.26 (3222.26 seconds)
Usermode: 537.05
Kernel mode: 860.34
Average CPU %: 43%
Max memory: 85680 (Kbytes)
---------
Total time elapsed: 53:42.81 (3222.81 seconds)
Usermode: 535.67
Kernel mode: 874.54
Average CPU %: 43%
Max memory: 85552 (Kbytes)
---------
Total time elapsed: 53:43.33 (3223.33 seconds)
Usermode: 537.51
Kernel mode: 869.74
Average CPU %: 43%
Max memory: 85720 (Kbytes)
---------
Total time elapsed: 53:42.89 (3222.89 seconds)
Usermode: 543.26
Kernel mode: 866.70
Average CPU %: 43%
Max memory: 85736 (Kbytes)
---------
Total time elapsed: 53:42.13 (3222.13 seconds)
Usermode: 535.10
Kernel mode: 868.51
Average CPU %: 43%
Max memory: 85764 (Kbytes)
---------
Total time elapsed: 53:42.63 (3222.63 seconds)
Usermode: 536.03
Kernel mode: 870.72
Average CPU %: 43%
Max memory: 85768 (Kbytes)
---------
Total time elapsed: 53:43.05 (3223.05 seconds)
Usermode: 536.16
Kernel mode: 866.60
Average CPU %: 43%
Max memory: 85752 (Kbytes)
---------
Total time elapsed: 53:41.90 (3221.90 seconds)
Usermode: 540.78
Kernel mode: 869.49
Average CPU %: 43%
Max memory: 85844 (Kbytes)
---------
Total time elapsed: 53:40.90 (3220.90 seconds)
Usermode: 539.01
Kernel mode: 865.87
Average CPU %: 43%
Max memory: 85392 (Kbytes)
---------
Total time elapsed: 53:43.53 (3223.53 seconds)
Usermode: 532.93
Kernel mode: 870.55
Average CPU %: 43%
Max memory: 85440 (Kbytes)
---------
Total time elapsed: 53:42.29 (3222.29 seconds)
Usermode: 537.68
Kernel mode: 871.97
Average CPU %: 43%
Max memory: 85396 (Kbytes)
---------
Total time elapsed: 53:42.96 (3222.96 seconds)
Usermode: 540.98
Kernel mode: 871.98
Average CPU %: 43%
Max memory: 85564 (Kbytes)
---------
Total time elapsed: 53:41.86 (3221.86 seconds)
Usermode: 532.18
Kernel mode: 879.04
Average CPU %: 43%
Max memory: 85820 (Kbytes)
---------
Total time elapsed: 53:41.90 (3221.90 seconds)
Usermode: 543.66
Kernel mode: 866.14
Average CPU %: 43%
Max memory: 85632 (Kbytes)
---------
Total time elapsed: 53:43.18 (3223.18 seconds)
Usermode: 536.10
Kernel mode: 869.28
Average CPU %: 43%
Max memory: 85768 (Kbytes)
---------
Total time elapsed: 53:43.41 (3223.41 seconds)
Usermode: 542.07
Kernel mode: 861.30
Average CPU %: 43%
Max memory: 85484 (Kbytes)
---------
Total time elapsed: 53:42.04 (3222.04 seconds)
Usermode: 542.88
Kernel mode: 876.35
Average CPU %: 44%
Max memory: 85776 (Kbytes)
---------
Total time elapsed: 53:42.65 (3222.65 seconds)
Usermode: 536.47
Kernel mode: 874.63
Average CPU %: 43%
Max memory: 85720 (Kbytes)
---------
Total time elapsed: 53:42.10 (3222.10 seconds)
Usermode: 535.24
Kernel mode: 873.23
Average CPU %: 43%
Max memory: 85700 (Kbytes)
---------
Total time elapsed: 53:42.94 (3222.94 seconds)
Usermode: 533.68
Kernel mode: 867.99
Average CPU %: 43%
Max memory: 85792 (Kbytes)
---------
Total time elapsed: 53:42.36 (3222.36 seconds)
Usermode: 535.31
Kernel mode: 872.27
Average CPU %: 43%
Max memory: 85660 (Kbytes)
---------
Total time elapsed: 53:41.61 (3221.61 seconds)
Usermode: 537.76
Kernel mode: 870.25
Average CPU %: 43%
Max memory: 85696 (Kbytes)
---------
Total time elapsed: 53:42.89 (3222.89 seconds)
Usermode: 536.00
Kernel mode: 865.00
Average CPU %: 43%
Max memory: 85744 (Kbytes)
---------
Total time elapsed: 53:41.79 (3221.79 seconds)
Usermode: 533.38
Kernel mode: 874.59
Average CPU %: 43%
Max memory: 85648 (Kbytes)
---------
Total time elapsed: 53:42.48 (3222.48 seconds)
Usermode: 560.65
Kernel mode: 850.34
Average CPU %: 43%
Max memory: 85664 (Kbytes)
---------
Total time elapsed: 53:43.06 (3223.06 seconds)
Usermode: 538.99
Kernel mode: 877.79
Average CPU %: 43%
Max memory: 85744 (Kbytes)
---------
Total time elapsed: 53:42.89 (3222.89 seconds)
Usermode: 537.52
Kernel mode: 871.19
Average CPU %: 43%
Max memory: 85676 (Kbytes)
---------
Total time elapsed: 53:42.97 (3222.97 seconds)
Usermode: 539.17
Kernel mode: 873.62
Average CPU %: 43%
Max memory: 85744 (Kbytes)
---------
Total time elapsed: 53:41.96 (3221.96 seconds)
Usermode: 538.51
Kernel mode: 869.35
Average CPU %: 43%
Max memory: 85400 (Kbytes)
---------
Total time elapsed: 53:41.79 (3221.79 seconds)
Usermode: 539.67
Kernel mode: 876.14
Average CPU %: 43%
Max memory: 85528 (Kbytes)
---------
Total time elapsed: 53:41.33 (3221.33 seconds)
Usermode: 536.27
Kernel mode: 870.44
Average CPU %: 43%
Max memory: 85792 (Kbytes)
---------
Total time elapsed: 53:41.97 (3221.97 seconds)
Usermode: 538.47
Kernel mode: 872.02
Average CPU %: 43%
Max memory: 85724 (Kbytes)
---------
Total time elapsed: 53:42.50 (3222.50 seconds)
Usermode: 512.35
Kernel mode: 895.97
Average CPU %: 43%
Max memory: 85692 (Kbytes)
---------
Total time elapsed: 53:43.96 (3223.96 seconds)
Usermode: 536.51
Kernel mode: 875.12
Average CPU %: 43%
Max memory: 85644 (Kbytes)
---------
Total time elapsed: 53:42.32 (3222.32 seconds)
Usermode: 535.33
Kernel mode: 872.57
Average CPU %: 43%
Max memory: 85736 (Kbytes)
---------
Total time elapsed: 53:41.78 (3221.78 seconds)
Usermode: 540.33
Kernel mode: 868.02
Average CPU %: 43%
Max memory: 85508 (Kbytes)
---------
Total time elapsed: 53:41.74 (3221.74 seconds)
Usermode: 528.76
Kernel mode: 881.80
Average CPU %: 43%
Max memory: 85756 (Kbytes)
---------
Total time elapsed: 53:41.86 (3221.86 seconds)
Usermode: 538.79
Kernel mode: 868.47
Average CPU %: 43%
Max memory: 85784 (Kbytes)
---------
Total time elapsed: 53:42.13 (3222.13 seconds)
Usermode: 535.17
Kernel mode: 878.18
Average CPU %: 43%
Max memory: 85768 (Kbytes)
---------
Total time elapsed: 53:42.01 (3222.01 seconds)
Usermode: 537.66
Kernel mode: 870.38
Average CPU %: 43%
Max memory: 85720 (Kbytes)
---------
Total time elapsed: 53:41.52 (3221.52 seconds)
Usermode: 534.26
Kernel mode: 870.60
Average CPU %: 43%
Max memory: 85832 (Kbytes)
---------
Total time elapsed: 53:41.88 (3221.88 seconds)
Usermode: 537.29
Kernel mode: 871.05
Average CPU %: 43%
Max memory: 85648 (Kbytes)
---------
Total time elapsed: 53:41.94 (3221.94 seconds)
Usermode: 532.71
Kernel mode: 875.14
Average CPU %: 43%
Max memory: 85688 (Kbytes)
---------
Total time elapsed: 53:43.12 (3223.12 seconds)
Usermode: 538.04
Kernel mode: 871.72
Average CPU %: 43%
Max memory: 85708 (Kbytes)
---------
Total time elapsed: 53:41.99 (3221.99 seconds)
Usermode: 536.91
Kernel mode: 869.69
Average CPU %: 43%
Max memory: 85720 (Kbytes)
---------
Total time elapsed: 53:41.65 (3221.65 seconds)
Usermode: 537.99
Kernel mode: 873.87
Average CPU %: 43%
Max memory: 85448 (Kbytes)
---------
Total time elapsed: 53:42.98 (3222.98 seconds)
Usermode: 538.89
Kernel mode: 870.72
Average CPU %: 43%
Max memory: 85520 (Kbytes)
---------
Total time elapsed: 53:43.14 (3223.14 seconds)
Usermode: 539.34
Kernel mode: 874.25
Average CPU %: 43%
Max memory: 85692 (Kbytes)
---------
Total time elapsed: 53:42.61 (3222.61 seconds)
Usermode: 542.66
Kernel mode: 868.93
Average CPU %: 43%
Max memory: 85780 (Kbytes)
---------
Total time elapsed: 53:43.01 (3223.01 seconds)
Usermode: 534.96
Kernel mode: 866.98
Average CPU %: 43%
Max memory: 85720 (Kbytes)
---------
Total time elapsed: 53:42.19 (3222.19 seconds)
Usermode: 538.99
Kernel mode: 870.58
Average CPU %: 43%
Max memory: 85392 (Kbytes)
---------
Total time elapsed: 53:42.07 (3222.07 seconds)
Usermode: 526.87
Kernel mode: 868.12
Average CPU %: 43%
Max memory: 85652 (Kbytes)
---------
Total time elapsed: 53:42.29 (3222.29 seconds)
Usermode: 540.19
Kernel mode: 875.01
Average CPU %: 43%
Max memory: 85704 (Kbytes)
---------
Total time elapsed: 53:43.57 (3223.57 seconds)
Usermode: 543.27
Kernel mode: 866.36
Average CPU %: 43%
Max memory: 85416 (Kbytes)
---------
Total time elapsed: 53:41.83 (3221.83 seconds)
Usermode: 531.55
Kernel mode: 872.68
Average CPU %: 43%
Max memory: 85496 (Kbytes)
---------
Total time elapsed: 53:42.46 (3222.46 seconds)
Usermode: 537.87
Kernel mode: 864.36
Average CPU %: 43%
Max memory: 85484 (Kbytes)
---------
Total time elapsed: 53:42.61 (3222.61 seconds)
Usermode: 534.92
Kernel mode: 876.00
Average CPU %: 43%
Max memory: 85756 (Kbytes)
---------
Total time elapsed: 53:41.35 (3221.35 seconds)
Usermode: 538.49
Kernel mode: 871.95
Average CPU %: 43%
Max memory: 85748 (Kbytes)
---------
Total time elapsed: 53:42.38 (3222.38 seconds)
Usermode: 545.29
Kernel mode: 870.92
Average CPU %: 43%
Max memory: 85756 (Kbytes)
---------
Total time elapsed: 53:43.43 (3223.43 seconds)
Usermode: 535.52
Kernel mode: 870.79
Average CPU %: 43%
Max memory: 85360 (Kbytes)
---------
Total time elapsed: 53:42.80 (3222.80 seconds)
Usermode: 534.03
Kernel mode: 870.20
Average CPU %: 43%
Max memory: 85672 (Kbytes)
---------
Total time elapsed: 53:43.11 (3223.11 seconds)
Usermode: 532.57
Kernel mode: 872.73
Average CPU %: 43%
Max memory: 85688 (Kbytes)
---------
Total time elapsed: 53:43.22 (3223.22 seconds)
Usermode: 535.38
Kernel mode: 871.37
Average CPU %: 43%
Max memory: 85752 (Kbytes)
---------
Total time elapsed: 53:41.96 (3221.96 seconds)
Usermode: 541.37
Kernel mode: 871.57
Average CPU %: 43%
Max memory: 85300 (Kbytes)
---------
Total time elapsed: 53:43.79 (3223.79 seconds)
Usermode: 530.25
Kernel mode: 881.02
Average CPU %: 43%
Max memory: 85500 (Kbytes)
---------
Total time elapsed: 53:44.54 (3224.54 seconds)
Usermode: 536.17
Kernel mode: 878.68
Average CPU %: 43%
Max memory: 85752 (Kbytes)
---------
Total time elapsed: 53:42.89 (3222.89 seconds)
Usermode: 545.94
Kernel mode: 864.24
Average CPU %: 43%
Max memory: 85820 (Kbytes)
---------
Total time elapsed: 53:41.90 (3221.90 seconds)
Usermode: 539.17
Kernel mode: 871.71
Average CPU %: 43%
Max memory: 85844 (Kbytes)
---------
Total time elapsed: 53:42.05 (3222.05 seconds)
Usermode: 537.22
Kernel mode: 872.99
Average CPU %: 43%
Max memory: 85788 (Kbytes)
---------
Total time elapsed: 53:42.54 (3222.54 seconds)
Usermode: 542.71
Kernel mode: 865.21
Average CPU %: 43%
Max memory: 85740 (Kbytes)
---------
Total time elapsed: 53:42.49 (3222.49 seconds)
Usermode: 531.74
Kernel mode: 877.47
Average CPU %: 43%
Max memory: 85728 (Kbytes)
---------
Total time elapsed: 53:42.89 (3222.89 seconds)
Usermode: 533.33
Kernel mode: 865.59
Average CPU %: 43%
Max memory: 85740 (Kbytes)
---------
Total time elapsed: 53:41.95 (3221.95 seconds)
Usermode: 536.19
Kernel mode: 875.43
Average CPU %: 43%
Max memory: 85648 (Kbytes)
---------
