Total time elapsed: 53:49.58 (3229.58 seconds)
Usermode: 754.84
Kernel mode: 709.92
Average CPU %: 45%
Max memory: 66416 (Kbytes)
---------
Total time elapsed: 53:47.61 (3227.61 seconds)
Usermode: 750.34
Kernel mode: 709.97
Average CPU %: 45%
Max memory: 66556 (Kbytes)
---------
Total time elapsed: 53:47.28 (3227.28 seconds)
Usermode: 747.50
Kernel mode: 713.40
Average CPU %: 45%
Max memory: 66488 (Kbytes)
---------
Total time elapsed: 53:45.98 (3225.98 seconds)
Usermode: 752.86
Kernel mode: 716.46
Average CPU %: 45%
Max memory: 66564 (Kbytes)
---------
Total time elapsed: 53:46.65 (3226.65 seconds)
Usermode: 762.04
Kernel mode: 710.03
Average CPU %: 45%
Max memory: 66480 (Kbytes)
---------
Total time elapsed: 53:46.70 (3226.70 seconds)
Usermode: 751.26
Kernel mode: 716.99
Average CPU %: 45%
Max memory: 66472 (Kbytes)
---------
Total time elapsed: 53:46.41 (3226.41 seconds)
Usermode: 176.77
Kernel mode: 78.24
Average CPU %: 7%
Max memory: 66644 (Kbytes)
---------
Total time elapsed: 53:47.77 (3227.77 seconds)
Usermode: 175.75
Kernel mode: 77.75
Average CPU %: 7%
Max memory: 66576 (Kbytes)
---------
Total time elapsed: 53:52.09 (3232.09 seconds)
Usermode: 180.69
Kernel mode: 72.49
Average CPU %: 7%
Max memory: 66732 (Kbytes)
---------
Total time elapsed: 53:46.06 (3226.06 seconds)
Usermode: 737.84
Kernel mode: 689.85
Average CPU %: 44%
Max memory: 67284 (Kbytes)
---------
Total time elapsed: 53:45.50 (3225.50 seconds)
Usermode: 738.59
Kernel mode: 682.95
Average CPU %: 44%
Max memory: 66140 (Kbytes)
---------
Total time elapsed: 53:46.80 (3226.80 seconds)
Usermode: 174.17
Kernel mode: 73.84
Average CPU %: 7%
Max memory: 66588 (Kbytes)
---------
Total time elapsed: 53:46.21 (3226.21 seconds)
Usermode: 763.76
Kernel mode: 665.84
Average CPU %: 44%
Max memory: 67404 (Kbytes)
---------
Total time elapsed: 53:46.03 (3226.03 seconds)
Usermode: 161.29
Kernel mode: 84.88
Average CPU %: 7%
Max memory: 66140 (Kbytes)
---------
Total time elapsed: 53:45.09 (3225.09 seconds)
Usermode: 176.77
Kernel mode: 76.47
Average CPU %: 7%
Max memory: 66768 (Kbytes)
---------
Total time elapsed: 53:44.82 (3224.82 seconds)
Usermode: 177.01
Kernel mode: 77.18
Average CPU %: 7%
Max memory: 66784 (Kbytes)
---------
Total time elapsed: 53:46.98 (3226.98 seconds)
Usermode: 754.60
Kernel mode: 677.12
Average CPU %: 44%
Max memory: 66456 (Kbytes)
---------
Total time elapsed: 53:46.61 (3226.61 seconds)
Usermode: 751.80
Kernel mode: 672.30
Average CPU %: 44%
Max memory: 66040 (Kbytes)
---------
Total time elapsed: 53:46.58 (3226.58 seconds)
Usermode: 758.21
Kernel mode: 675.07
Average CPU %: 44%
Max memory: 66616 (Kbytes)
---------
Total time elapsed: 53:45.45 (3225.45 seconds)
Usermode: 760.79
Kernel mode: 672.57
Average CPU %: 44%
Max memory: 66040 (Kbytes)
---------
Total time elapsed: 53:46.07 (3226.07 seconds)
Usermode: 765.73
Kernel mode: 678.23
Average CPU %: 44%
Max memory: 66264 (Kbytes)
---------
Total time elapsed: 53:45.83 (3225.83 seconds)
Usermode: 752.26
Kernel mode: 680.96
Average CPU %: 44%
Max memory: 66048 (Kbytes)
---------
