Total time elapsed: 53:49.34 (3229.34 seconds)
Usermode: 754.16
Kernel mode: 709.78
Average CPU %: 45%
Max memory: 66984 (Kbytes)
---------
Total time elapsed: 53:48.44 (3228.44 seconds)
Usermode: 754.55
Kernel mode: 700.96
Average CPU %: 45%
Max memory: 67372 (Kbytes)
---------
Total time elapsed: 53:49.06 (3229.06 seconds)
Usermode: 753.41
Kernel mode: 714.76
Average CPU %: 45%
Max memory: 67008 (Kbytes)
---------
Total time elapsed: 53:48.48 (3228.48 seconds)
Usermode: 162.14
Kernel mode: 86.73
Average CPU %: 7%
Max memory: 67016 (Kbytes)
---------
Total time elapsed: 53:49.03 (3229.03 seconds)
Usermode: 747.20
Kernel mode: 718.96
Average CPU %: 45%
Max memory: 67648 (Kbytes)
---------
Total time elapsed: 53:48.10 (3228.10 seconds)
Usermode: 178.17
Kernel mode: 79.71
Average CPU %: 7%
Max memory: 66676 (Kbytes)
---------
Total time elapsed: 53:49.16 (3229.16 seconds)
Usermode: 748.00
Kernel mode: 715.57
Average CPU %: 45%
Max memory: 67676 (Kbytes)
---------
Total time elapsed: 53:49.18 (3229.18 seconds)
Usermode: 751.38
Kernel mode: 711.34
Average CPU %: 45%
Max memory: 67748 (Kbytes)
---------
Total time elapsed: 53:48.74 (3228.74 seconds)
Usermode: 739.26
Kernel mode: 701.15
Average CPU %: 44%
Max memory: 67488 (Kbytes)
---------
Total time elapsed: 53:49.62 (3229.62 seconds)
Usermode: 772.74
Kernel mode: 697.25
Average CPU %: 45%
Max memory: 67324 (Kbytes)
---------
Total time elapsed: 53:53.10 (3233.10 seconds)
Usermode: 730.06
Kernel mode: 683.75
Average CPU %: 43%
Max memory: 66864 (Kbytes)
---------
Total time elapsed: 53:48.07 (3228.07 seconds)
Usermode: 734.10
Kernel mode: 695.76
Average CPU %: 44%
Max memory: 67472 (Kbytes)
---------
Total time elapsed: 53:48.23 (3228.23 seconds)
Usermode: 172.63
Kernel mode: 76.37
Average CPU %: 7%
Max memory: 67848 (Kbytes)
---------
Total time elapsed: 53:46.41 (3226.41 seconds)
Usermode: 166.35
Kernel mode: 88.48
Average CPU %: 7%
Max memory: 68020 (Kbytes)
---------
Total time elapsed: 53:46.99 (3226.99 seconds)
Usermode: 164.87
Kernel mode: 87.45
Average CPU %: 7%
Max memory: 67012 (Kbytes)
---------
Total time elapsed: 53:50.23 (3230.23 seconds)
Usermode: 176.27
Kernel mode: 74.95
Average CPU %: 7%
Max memory: 68104 (Kbytes)
---------
Total time elapsed: 53:46.30 (3226.30 seconds)
Usermode: 177.37
Kernel mode: 77.92
Average CPU %: 7%
Max memory: 67156 (Kbytes)
---------
Total time elapsed: 53:46.99 (3226.99 seconds)
Usermode: 177.61
Kernel mode: 77.17
Average CPU %: 7%
Max memory: 67156 (Kbytes)
---------
Total time elapsed: 53:47.77 (3227.77 seconds)
Usermode: 751.81
Kernel mode: 676.11
Average CPU %: 44%
Max memory: 67532 (Kbytes)
---------
Total time elapsed: 53:46.60 (3226.60 seconds)
Usermode: 755.24
Kernel mode: 674.26
Average CPU %: 44%
Max memory: 67820 (Kbytes)
---------
Total time elapsed: 53:48.62 (3228.62 seconds)
Usermode: 753.14
Kernel mode: 669.90
Average CPU %: 44%
Max memory: 67892 (Kbytes)
---------
Total time elapsed: 53:48.07 (3228.07 seconds)
Usermode: 754.50
Kernel mode: 681.70
Average CPU %: 44%
Max memory: 67604 (Kbytes)
---------
Total time elapsed: 53:47.82 (3227.82 seconds)
Usermode: 755.46
Kernel mode: 669.79
Average CPU %: 44%
Max memory: 67560 (Kbytes)
---------
Total time elapsed: 53:47.70 (3227.70 seconds)
Usermode: 745.17
Kernel mode: 678.22
Average CPU %: 44%
Max memory: 67696 (Kbytes)
---------
