Total time elapsed: 53:45.87 (3225.87 seconds)
Usermode: 524.04
Kernel mode: 770.44
Average CPU %: 40%
Max memory: 214992 (Kbytes)
---------
Total time elapsed: 53:44.30 (3224.30 seconds)
Usermode: 522.89
Kernel mode: 774.31
Average CPU %: 40%
Max memory: 214940 (Kbytes)
---------
Total time elapsed: 53:44.49 (3224.49 seconds)
Usermode: 536.77
Kernel mode: 750.17
Average CPU %: 39%
Max memory: 215172 (Kbytes)
---------
Total time elapsed: 53:45.18 (3225.18 seconds)
Usermode: 518.21
Kernel mode: 767.71
Average CPU %: 39%
Max memory: 214924 (Kbytes)
---------
Total time elapsed: 53:43.67 (3223.67 seconds)
Usermode: 540.41
Kernel mode: 755.15
Average CPU %: 40%
Max memory: 215072 (Kbytes)
---------
Total time elapsed: 53:44.14 (3224.14 seconds)
Usermode: 528.78
Kernel mode: 759.12
Average CPU %: 39%
Max memory: 215004 (Kbytes)
---------
Total time elapsed: 53:44.93 (3224.93 seconds)
Usermode: 510.19
Kernel mode: 785.40
Average CPU %: 40%
Max memory: 214968 (Kbytes)
---------
Total time elapsed: 53:43.40 (3223.40 seconds)
Usermode: 521.61
Kernel mode: 787.26
Average CPU %: 40%
Max memory: 215072 (Kbytes)
---------
Total time elapsed: 53:44.50 (3224.50 seconds)
Usermode: 516.47
Kernel mode: 777.76
Average CPU %: 40%
Max memory: 215060 (Kbytes)
---------
Total time elapsed: 53:44.28 (3224.28 seconds)
Usermode: 524.24
Kernel mode: 775.89
Average CPU %: 40%
Max memory: 215124 (Kbytes)
---------
Total time elapsed: 53:44.80 (3224.80 seconds)
Usermode: 515.81
Kernel mode: 783.17
Average CPU %: 40%
Max memory: 215128 (Kbytes)
---------
Total time elapsed: 53:44.41 (3224.41 seconds)
Usermode: 529.45
Kernel mode: 761.27
Average CPU %: 40%
Max memory: 214968 (Kbytes)
---------
Total time elapsed: 53:44.89 (3224.89 seconds)
Usermode: 530.54
Kernel mode: 758.48
Average CPU %: 39%
Max memory: 214988 (Kbytes)
---------
Total time elapsed: 53:44.56 (3224.56 seconds)
Usermode: 522.90
Kernel mode: 779.40
Average CPU %: 40%
Max memory: 215000 (Kbytes)
---------
Total time elapsed: 53:44.24 (3224.24 seconds)
Usermode: 525.29
Kernel mode: 772.65
Average CPU %: 40%
Max memory: 215044 (Kbytes)
---------
Total time elapsed: 53:44.55 (3224.55 seconds)
Usermode: 514.50
Kernel mode: 782.24
Average CPU %: 40%
Max memory: 215024 (Kbytes)
---------
Total time elapsed: 53:45.39 (3225.39 seconds)
Usermode: 518.25
Kernel mode: 775.86
Average CPU %: 40%
Max memory: 215024 (Kbytes)
---------
Total time elapsed: 53:45.09 (3225.09 seconds)
Usermode: 519.92
Kernel mode: 768.33
Average CPU %: 39%
Max memory: 214908 (Kbytes)
---------
Total time elapsed: 53:45.05 (3225.05 seconds)
Usermode: 530.28
Kernel mode: 762.93
Average CPU %: 40%
Max memory: 215140 (Kbytes)
---------
Total time elapsed: 53:45.60 (3225.60 seconds)
Usermode: 525.16
Kernel mode: 761.66
Average CPU %: 39%
Max memory: 214936 (Kbytes)
---------
Total time elapsed: 53:44.77 (3224.77 seconds)
Usermode: 524.48
Kernel mode: 759.17
Average CPU %: 39%
Max memory: 214952 (Kbytes)
---------
Total time elapsed: 53:44.07 (3224.07 seconds)
Usermode: 531.48
Kernel mode: 754.98
Average CPU %: 39%
Max memory: 214932 (Kbytes)
---------
Total time elapsed: 53:45.82 (3225.82 seconds)
Usermode: 526.46
Kernel mode: 760.57
Average CPU %: 39%
Max memory: 215196 (Kbytes)
---------
Total time elapsed: 53:43.92 (3223.92 seconds)
Usermode: 518.40
Kernel mode: 768.57
Average CPU %: 39%
Max memory: 215108 (Kbytes)
---------
Total time elapsed: 53:45.62 (3225.62 seconds)
Usermode: 528.27
Kernel mode: 773.06
Average CPU %: 40%
Max memory: 215100 (Kbytes)
---------
Total time elapsed: 53:44.76 (3224.76 seconds)
Usermode: 526.77
Kernel mode: 776.84
Average CPU %: 40%
Max memory: 215112 (Kbytes)
---------
Total time elapsed: 53:45.38 (3225.38 seconds)
Usermode: 519.76
Kernel mode: 782.92
Average CPU %: 40%
Max memory: 215144 (Kbytes)
---------
Total time elapsed: 53:44.60 (3224.60 seconds)
Usermode: 532.58
Kernel mode: 761.00
Average CPU %: 40%
Max memory: 215128 (Kbytes)
---------
Total time elapsed: 53:44.99 (3224.99 seconds)
Usermode: 512.67
Kernel mode: 776.89
Average CPU %: 39%
Max memory: 214952 (Kbytes)
---------
Total time elapsed: 53:45.51 (3225.51 seconds)
Usermode: 523.79
Kernel mode: 774.78
Average CPU %: 40%
Max memory: 214936 (Kbytes)
---------
Total time elapsed: 53:43.83 (3223.83 seconds)
Usermode: 522.79
Kernel mode: 775.22
Average CPU %: 40%
Max memory: 215152 (Kbytes)
---------
Total time elapsed: 53:43.68 (3223.68 seconds)
Usermode: 516.62
Kernel mode: 775.40
Average CPU %: 40%
Max memory: 215188 (Kbytes)
---------
Total time elapsed: 53:45.76 (3225.76 seconds)
Usermode: 533.99
Kernel mode: 768.91
Average CPU %: 40%
Max memory: 215028 (Kbytes)
---------
Total time elapsed: 53:43.55 (3223.55 seconds)
Usermode: 517.60
Kernel mode: 767.71
Average CPU %: 39%
Max memory: 215156 (Kbytes)
---------
Total time elapsed: 53:46.11 (3226.11 seconds)
Usermode: 524.69
Kernel mode: 761.89
Average CPU %: 39%
Max memory: 214984 (Kbytes)
---------
Total time elapsed: 53:45.79 (3225.79 seconds)
Usermode: 531.32
Kernel mode: 766.94
Average CPU %: 40%
Max memory: 215184 (Kbytes)
---------
Total time elapsed: 53:45.22 (3225.22 seconds)
Usermode: 526.69
Kernel mode: 768.18
Average CPU %: 40%
Max memory: 214956 (Kbytes)
---------
Total time elapsed: 53:44.35 (3224.35 seconds)
Usermode: 523.07
Kernel mode: 767.19
Average CPU %: 40%
Max memory: 215016 (Kbytes)
---------
Total time elapsed: 53:45.67 (3225.67 seconds)
Usermode: 531.97
Kernel mode: 753.05
Average CPU %: 39%
Max memory: 214996 (Kbytes)
---------
Total time elapsed: 53:44.83 (3224.83 seconds)
Usermode: 528.26
Kernel mode: 754.85
Average CPU %: 39%
Max memory: 215112 (Kbytes)
---------
Total time elapsed: 53:44.52 (3224.52 seconds)
Usermode: 521.29
Kernel mode: 765.31
Average CPU %: 39%
Max memory: 214920 (Kbytes)
---------
Total time elapsed: 53:44.07 (3224.07 seconds)
Usermode: 527.21
Kernel mode: 760.86
Average CPU %: 39%
Max memory: 215124 (Kbytes)
---------
Total time elapsed: 53:43.82 (3223.82 seconds)
Usermode: 524.74
Kernel mode: 765.44
Average CPU %: 40%
Max memory: 214936 (Kbytes)
---------
Total time elapsed: 53:44.58 (3224.58 seconds)
Usermode: 525.29
Kernel mode: 763.51
Average CPU %: 39%
Max memory: 215052 (Kbytes)
---------
Total time elapsed: 53:43.45 (3223.45 seconds)
Usermode: 530.42
Kernel mode: 775.59
Average CPU %: 40%
Max memory: 215044 (Kbytes)
---------
Total time elapsed: 53:45.14 (3225.14 seconds)
Usermode: 532.11
Kernel mode: 768.49
Average CPU %: 40%
Max memory: 215140 (Kbytes)
---------
Total time elapsed: 53:43.39 (3223.39 seconds)
Usermode: 522.47
Kernel mode: 765.32
Average CPU %: 39%
Max memory: 215164 (Kbytes)
---------
Total time elapsed: 53:44.00 (3224.00 seconds)
Usermode: 526.63
Kernel mode: 778.48
Average CPU %: 40%
Max memory: 215008 (Kbytes)
---------
Total time elapsed: 53:43.69 (3223.69 seconds)
Usermode: 515.14
Kernel mode: 781.19
Average CPU %: 40%
Max memory: 215024 (Kbytes)
---------
Total time elapsed: 53:46.46 (3226.46 seconds)
Usermode: 527.27
Kernel mode: 774.66
Average CPU %: 40%
Max memory: 215036 (Kbytes)
---------
Total time elapsed: 53:45.15 (3225.15 seconds)
Usermode: 527.95
Kernel mode: 771.67
Average CPU %: 40%
Max memory: 215016 (Kbytes)
---------
Total time elapsed: 53:44.35 (3224.35 seconds)
Usermode: 520.02
Kernel mode: 775.72
Average CPU %: 40%
Max memory: 215012 (Kbytes)
---------
Total time elapsed: 53:46.73 (3226.73 seconds)
Usermode: 522.23
Kernel mode: 768.62
Average CPU %: 40%
Max memory: 215016 (Kbytes)
---------
Total time elapsed: 53:44.10 (3224.10 seconds)
Usermode: 528.78
Kernel mode: 757.47
Average CPU %: 39%
Max memory: 215040 (Kbytes)
---------
Total time elapsed: 53:45.94 (3225.94 seconds)
Usermode: 538.59
Kernel mode: 756.53
Average CPU %: 40%
Max memory: 214900 (Kbytes)
---------
Total time elapsed: 53:44.68 (3224.68 seconds)
Usermode: 517.96
Kernel mode: 780.56
Average CPU %: 40%
Max memory: 215004 (Kbytes)
---------
Total time elapsed: 53:43.63 (3223.63 seconds)
Usermode: 522.36
Kernel mode: 766.78
Average CPU %: 39%
Max memory: 214968 (Kbytes)
---------
Total time elapsed: 53:45.36 (3225.36 seconds)
Usermode: 526.10
Kernel mode: 772.64
Average CPU %: 40%
Max memory: 214992 (Kbytes)
---------
Total time elapsed: 53:45.04 (3225.04 seconds)
Usermode: 524.93
Kernel mode: 768.38
Average CPU %: 40%
Max memory: 214968 (Kbytes)
---------
Total time elapsed: 53:45.66 (3225.66 seconds)
Usermode: 526.29
Kernel mode: 763.62
Average CPU %: 39%
Max memory: 215084 (Kbytes)
---------
Total time elapsed: 53:45.17 (3225.17 seconds)
Usermode: 531.84
Kernel mode: 768.71
Average CPU %: 40%
Max memory: 215020 (Kbytes)
---------
Total time elapsed: 53:43.74 (3223.74 seconds)
Usermode: 522.56
Kernel mode: 762.75
Average CPU %: 39%
Max memory: 215112 (Kbytes)
---------
Total time elapsed: 53:43.78 (3223.78 seconds)
Usermode: 526.42
Kernel mode: 762.41
Average CPU %: 39%
Max memory: 215012 (Kbytes)
---------
Total time elapsed: 53:44.33 (3224.33 seconds)
Usermode: 515.16
Kernel mode: 771.13
Average CPU %: 39%
Max memory: 221708 (Kbytes)
---------
Total time elapsed: 53:44.68 (3224.68 seconds)
Usermode: 518.83
Kernel mode: 775.02
Average CPU %: 40%
Max memory: 214984 (Kbytes)
---------
Total time elapsed: 53:45.45 (3225.45 seconds)
Usermode: 527.00
Kernel mode: 760.18
Average CPU %: 39%
Max memory: 215116 (Kbytes)
---------
Total time elapsed: 53:45.54 (3225.54 seconds)
Usermode: 527.07
Kernel mode: 775.91
Average CPU %: 40%
Max memory: 215048 (Kbytes)
---------
Total time elapsed: 53:44.68 (3224.68 seconds)
Usermode: 520.75
Kernel mode: 777.64
Average CPU %: 40%
Max memory: 214928 (Kbytes)
---------
Total time elapsed: 53:46.00 (3226.00 seconds)
Usermode: 516.01
Kernel mode: 773.60
Average CPU %: 39%
Max memory: 214924 (Kbytes)
---------
Total time elapsed: 53:43.51 (3223.51 seconds)
Usermode: 526.01
Kernel mode: 774.30
Average CPU %: 40%
Max memory: 215100 (Kbytes)
---------
Total time elapsed: 53:43.58 (3223.58 seconds)
Usermode: 516.84
Kernel mode: 770.29
Average CPU %: 39%
Max memory: 214936 (Kbytes)
---------
Total time elapsed: 53:45.51 (3225.51 seconds)
Usermode: 519.11
Kernel mode: 766.52
Average CPU %: 39%
Max memory: 215060 (Kbytes)
---------
Total time elapsed: 53:44.66 (3224.66 seconds)
Usermode: 520.60
Kernel mode: 769.06
Average CPU %: 39%
Max memory: 214928 (Kbytes)
---------
Total time elapsed: 53:44.02 (3224.02 seconds)
Usermode: 521.70
Kernel mode: 772.57
Average CPU %: 40%
Max memory: 215016 (Kbytes)
---------
Total time elapsed: 53:44.85 (3224.85 seconds)
Usermode: 525.46
Kernel mode: 761.69
Average CPU %: 39%
Max memory: 214912 (Kbytes)
---------
Total time elapsed: 53:43.98 (3223.98 seconds)
Usermode: 525.16
Kernel mode: 761.05
Average CPU %: 39%
Max memory: 215036 (Kbytes)
---------
Total time elapsed: 53:45.36 (3225.36 seconds)
Usermode: 527.90
Kernel mode: 772.25
Average CPU %: 40%
Max memory: 215056 (Kbytes)
---------
Total time elapsed: 53:44.94 (3224.94 seconds)
Usermode: 522.81
Kernel mode: 767.34
Average CPU %: 40%
Max memory: 215092 (Kbytes)
---------
Total time elapsed: 53:45.64 (3225.64 seconds)
Usermode: 520.08
Kernel mode: 763.13
Average CPU %: 39%
Max memory: 215088 (Kbytes)
---------
Total time elapsed: 53:44.52 (3224.52 seconds)
Usermode: 520.78
Kernel mode: 778.39
Average CPU %: 40%
Max memory: 215128 (Kbytes)
---------
Total time elapsed: 53:45.97 (3225.97 seconds)
Usermode: 533.38
Kernel mode: 749.79
Average CPU %: 39%
Max memory: 215020 (Kbytes)
---------
Total time elapsed: 53:46.09 (3226.09 seconds)
Usermode: 524.17
Kernel mode: 778.53
Average CPU %: 40%
Max memory: 215032 (Kbytes)
---------
Total time elapsed: 53:44.89 (3224.89 seconds)
Usermode: 521.29
Kernel mode: 765.02
Average CPU %: 39%
Max memory: 214988 (Kbytes)
---------
Total time elapsed: 53:45.21 (3225.21 seconds)
Usermode: 528.82
Kernel mode: 764.77
Average CPU %: 40%
Max memory: 215140 (Kbytes)
---------
Total time elapsed: 53:43.80 (3223.80 seconds)
Usermode: 521.05
Kernel mode: 767.31
Average CPU %: 39%
Max memory: 214928 (Kbytes)
---------
Total time elapsed: 53:45.15 (3225.15 seconds)
Usermode: 529.22
Kernel mode: 770.22
Average CPU %: 40%
Max memory: 215036 (Kbytes)
---------
Total time elapsed: 53:45.38 (3225.38 seconds)
Usermode: 525.76
Kernel mode: 775.86
Average CPU %: 40%
Max memory: 215048 (Kbytes)
---------
Total time elapsed: 53:44.68 (3224.68 seconds)
Usermode: 525.07
Kernel mode: 770.89
Average CPU %: 40%
Max memory: 214920 (Kbytes)
---------
Total time elapsed: 53:44.80 (3224.80 seconds)
Usermode: 526.29
Kernel mode: 758.79
Average CPU %: 39%
Max memory: 215136 (Kbytes)
---------
Total time elapsed: 53:44.85 (3224.85 seconds)
Usermode: 527.12
Kernel mode: 768.84
Average CPU %: 40%
Max memory: 215108 (Kbytes)
---------
Total time elapsed: 53:44.06 (3224.06 seconds)
Usermode: 518.89
Kernel mode: 767.99
Average CPU %: 39%
Max memory: 215164 (Kbytes)
---------
Total time elapsed: 53:45.54 (3225.54 seconds)
Usermode: 518.35
Kernel mode: 765.74
Average CPU %: 39%
Max memory: 215008 (Kbytes)
---------
Total time elapsed: 53:44.75 (3224.75 seconds)
Usermode: 523.29
Kernel mode: 762.80
Average CPU %: 39%
Max memory: 215024 (Kbytes)
---------
Total time elapsed: 53:44.79 (3224.79 seconds)
Usermode: 523.20
Kernel mode: 771.89
Average CPU %: 40%
Max memory: 215020 (Kbytes)
---------
Total time elapsed: 53:44.35 (3224.35 seconds)
Usermode: 518.17
Kernel mode: 776.88
Average CPU %: 40%
Max memory: 215104 (Kbytes)
---------
Total time elapsed: 53:45.50 (3225.50 seconds)
Usermode: 535.22
Kernel mode: 759.35
Average CPU %: 40%
Max memory: 214944 (Kbytes)
---------
Total time elapsed: 53:44.55 (3224.55 seconds)
Usermode: 523.25
Kernel mode: 768.41
Average CPU %: 40%
Max memory: 214988 (Kbytes)
---------
Total time elapsed: 53:44.39 (3224.39 seconds)
Usermode: 522.72
Kernel mode: 767.29
Average CPU %: 40%
Max memory: 215028 (Kbytes)
---------
Total time elapsed: 53:46.24 (3226.24 seconds)
Usermode: 529.11
Kernel mode: 757.76
Average CPU %: 39%
Max memory: 214908 (Kbytes)
---------
Total time elapsed: 53:46.14 (3226.14 seconds)
Usermode: 530.59
Kernel mode: 768.35
Average CPU %: 40%
Max memory: 214928 (Kbytes)
---------
Total time elapsed: 53:43.67 (3223.67 seconds)
Usermode: 525.72
Kernel mode: 766.20
Average CPU %: 40%
Max memory: 214944 (Kbytes)
---------
Total time elapsed: 53:44.57 (3224.57 seconds)
Usermode: 521.94
Kernel mode: 768.44
Average CPU %: 40%
Max memory: 215004 (Kbytes)
---------
Total time elapsed: 53:44.14 (3224.14 seconds)
Usermode: 534.35
Kernel mode: 768.42
Average CPU %: 40%
Max memory: 215004 (Kbytes)
---------
Total time elapsed: 53:44.56 (3224.56 seconds)
Usermode: 516.89
Kernel mode: 780.00
Average CPU %: 40%
Max memory: 214992 (Kbytes)
---------
