Total time elapsed: 53:42.37 (3222.37 seconds)
Usermode: 527.79
Kernel mode: 766.28
Average CPU %: 40%
Max memory: 212668 (Kbytes)
---------
Total time elapsed: 53:41.35 (3221.35 seconds)
Usermode: 524.96
Kernel mode: 754.18
Average CPU %: 39%
Max memory: 212704 (Kbytes)
---------
Total time elapsed: 53:42.93 (3222.93 seconds)
Usermode: 526.50
Kernel mode: 759.78
Average CPU %: 39%
Max memory: 212688 (Kbytes)
---------
Total time elapsed: 53:42.64 (3222.64 seconds)
Usermode: 525.09
Kernel mode: 778.91
Average CPU %: 40%
Max memory: 212636 (Kbytes)
---------
Total time elapsed: 53:42.76 (3222.76 seconds)
Usermode: 538.41
Kernel mode: 760.03
Average CPU %: 40%
Max memory: 212720 (Kbytes)
---------
Total time elapsed: 53:41.66 (3221.66 seconds)
Usermode: 537.00
Kernel mode: 745.16
Average CPU %: 39%
Max memory: 212684 (Kbytes)
---------
Total time elapsed: 53:42.28 (3222.28 seconds)
Usermode: 520.99
Kernel mode: 759.76
Average CPU %: 39%
Max memory: 212576 (Kbytes)
---------
Total time elapsed: 53:43.21 (3223.21 seconds)
Usermode: 521.11
Kernel mode: 767.08
Average CPU %: 39%
Max memory: 212588 (Kbytes)
---------
Total time elapsed: 53:42.64 (3222.64 seconds)
Usermode: 522.60
Kernel mode: 761.16
Average CPU %: 39%
Max memory: 212524 (Kbytes)
---------
Total time elapsed: 53:43.94 (3223.94 seconds)
Usermode: 532.87
Kernel mode: 750.89
Average CPU %: 39%
Max memory: 212720 (Kbytes)
---------
Total time elapsed: 53:41.95 (3221.95 seconds)
Usermode: 521.03
Kernel mode: 764.35
Average CPU %: 39%
Max memory: 212596 (Kbytes)
---------
Total time elapsed: 53:42.42 (3222.42 seconds)
Usermode: 524.69
Kernel mode: 760.28
Average CPU %: 39%
Max memory: 212584 (Kbytes)
---------
Total time elapsed: 53:42.21 (3222.21 seconds)
Usermode: 528.55
Kernel mode: 752.68
Average CPU %: 39%
Max memory: 212708 (Kbytes)
---------
Total time elapsed: 53:44.40 (3224.40 seconds)
Usermode: 519.28
Kernel mode: 765.02
Average CPU %: 39%
Max memory: 212628 (Kbytes)
---------
Total time elapsed: 53:43.78 (3223.78 seconds)
Usermode: 524.31
Kernel mode: 762.01
Average CPU %: 39%
Max memory: 212672 (Kbytes)
---------
Total time elapsed: 53:42.15 (3222.15 seconds)
Usermode: 534.10
Kernel mode: 764.34
Average CPU %: 40%
Max memory: 212520 (Kbytes)
---------
Total time elapsed: 53:42.14 (3222.14 seconds)
Usermode: 532.20
Kernel mode: 751.07
Average CPU %: 39%
Max memory: 212544 (Kbytes)
---------
Total time elapsed: 53:43.76 (3223.76 seconds)
Usermode: 528.08
Kernel mode: 754.49
Average CPU %: 39%
Max memory: 212708 (Kbytes)
---------
Total time elapsed: 53:43.88 (3223.88 seconds)
Usermode: 518.16
Kernel mode: 761.90
Average CPU %: 39%
Max memory: 212612 (Kbytes)
---------
Total time elapsed: 53:43.51 (3223.51 seconds)
Usermode: 520.67
Kernel mode: 764.32
Average CPU %: 39%
Max memory: 212544 (Kbytes)
---------
Total time elapsed: 53:42.53 (3222.53 seconds)
Usermode: 514.64
Kernel mode: 768.67
Average CPU %: 39%
Max memory: 212504 (Kbytes)
---------
Total time elapsed: 53:45.09 (3225.09 seconds)
Usermode: 533.31
Kernel mode: 759.59
Average CPU %: 40%
Max memory: 212692 (Kbytes)
---------
Total time elapsed: 53:42.49 (3222.49 seconds)
Usermode: 516.53
Kernel mode: 767.24
Average CPU %: 39%
Max memory: 212680 (Kbytes)
---------
Total time elapsed: 53:43.37 (3223.37 seconds)
Usermode: 525.75
Kernel mode: 757.08
Average CPU %: 39%
Max memory: 212568 (Kbytes)
---------
Total time elapsed: 53:42.38 (3222.38 seconds)
Usermode: 521.58
Kernel mode: 775.80
Average CPU %: 40%
Max memory: 212540 (Kbytes)
---------
Total time elapsed: 53:43.91 (3223.91 seconds)
Usermode: 527.50
Kernel mode: 753.33
Average CPU %: 39%
Max memory: 212656 (Kbytes)
---------
Total time elapsed: 53:42.27 (3222.27 seconds)
Usermode: 533.13
Kernel mode: 748.32
Average CPU %: 39%
Max memory: 212588 (Kbytes)
---------
Total time elapsed: 53:41.63 (3221.63 seconds)
Usermode: 527.25
Kernel mode: 770.67
Average CPU %: 40%
Max memory: 212660 (Kbytes)
---------
Total time elapsed: 53:43.08 (3223.08 seconds)
Usermode: 521.07
Kernel mode: 763.59
Average CPU %: 39%
Max memory: 212656 (Kbytes)
---------
Total time elapsed: 53:43.64 (3223.64 seconds)
Usermode: 517.40
Kernel mode: 770.74
Average CPU %: 39%
Max memory: 212692 (Kbytes)
---------
Total time elapsed: 53:42.85 (3222.85 seconds)
Usermode: 518.60
Kernel mode: 773.92
Average CPU %: 40%
Max memory: 212612 (Kbytes)
---------
Total time elapsed: 53:42.59 (3222.59 seconds)
Usermode: 529.37
Kernel mode: 765.78
Average CPU %: 40%
Max memory: 212612 (Kbytes)
---------
Total time elapsed: 53:43.77 (3223.77 seconds)
Usermode: 520.16
Kernel mode: 775.23
Average CPU %: 40%
Max memory: 212604 (Kbytes)
---------
Total time elapsed: 53:44.43 (3224.43 seconds)
Usermode: 526.98
Kernel mode: 753.75
Average CPU %: 39%
Max memory: 212704 (Kbytes)
---------
Total time elapsed: 53:43.90 (3223.90 seconds)
Usermode: 515.22
Kernel mode: 765.57
Average CPU %: 39%
Max memory: 212560 (Kbytes)
---------
Total time elapsed: 53:42.45 (3222.45 seconds)
Usermode: 519.06
Kernel mode: 766.80
Average CPU %: 39%
Max memory: 212596 (Kbytes)
---------
Total time elapsed: 53:42.91 (3222.91 seconds)
Usermode: 522.24
Kernel mode: 769.98
Average CPU %: 40%
Max memory: 212548 (Kbytes)
---------
Total time elapsed: 53:43.82 (3223.82 seconds)
Usermode: 526.14
Kernel mode: 757.79
Average CPU %: 39%
Max memory: 212628 (Kbytes)
---------
Total time elapsed: 53:42.15 (3222.15 seconds)
Usermode: 522.77
Kernel mode: 762.78
Average CPU %: 39%
Max memory: 212600 (Kbytes)
---------
Total time elapsed: 53:41.38 (3221.38 seconds)
Usermode: 525.60
Kernel mode: 771.24
Average CPU %: 40%
Max memory: 212716 (Kbytes)
---------
Total time elapsed: 53:44.25 (3224.25 seconds)
Usermode: 528.66
Kernel mode: 757.21
Average CPU %: 39%
Max memory: 212580 (Kbytes)
---------
Total time elapsed: 53:43.31 (3223.31 seconds)
Usermode: 526.79
Kernel mode: 760.45
Average CPU %: 39%
Max memory: 212728 (Kbytes)
---------
Total time elapsed: 53:42.85 (3222.85 seconds)
Usermode: 537.48
Kernel mode: 746.56
Average CPU %: 39%
Max memory: 212640 (Kbytes)
---------
Total time elapsed: 53:41.77 (3221.77 seconds)
Usermode: 524.02
Kernel mode: 759.33
Average CPU %: 39%
Max memory: 212552 (Kbytes)
---------
Total time elapsed: 53:42.56 (3222.56 seconds)
Usermode: 521.48
Kernel mode: 774.21
Average CPU %: 40%
Max memory: 212576 (Kbytes)
---------
Total time elapsed: 53:43.01 (3223.01 seconds)
Usermode: 518.63
Kernel mode: 763.83
Average CPU %: 39%
Max memory: 212576 (Kbytes)
---------
Total time elapsed: 53:43.61 (3223.61 seconds)
Usermode: 522.93
Kernel mode: 756.59
Average CPU %: 39%
Max memory: 212568 (Kbytes)
---------
Total time elapsed: 53:43.28 (3223.28 seconds)
Usermode: 530.05
Kernel mode: 752.80
Average CPU %: 39%
Max memory: 212552 (Kbytes)
---------
Total time elapsed: 53:42.65 (3222.65 seconds)
Usermode: 527.34
Kernel mode: 756.33
Average CPU %: 39%
Max memory: 212680 (Kbytes)
---------
Total time elapsed: 53:42.79 (3222.79 seconds)
Usermode: 517.90
Kernel mode: 764.69
Average CPU %: 39%
Max memory: 212552 (Kbytes)
---------
Total time elapsed: 53:42.87 (3222.87 seconds)
Usermode: 521.66
Kernel mode: 775.97
Average CPU %: 40%
Max memory: 212696 (Kbytes)
---------
Total time elapsed: 53:41.60 (3221.60 seconds)
Usermode: 524.40
Kernel mode: 760.14
Average CPU %: 39%
Max memory: 212708 (Kbytes)
---------
Total time elapsed: 53:43.00 (3223.00 seconds)
Usermode: 524.54
Kernel mode: 759.70
Average CPU %: 39%
Max memory: 212752 (Kbytes)
---------
Total time elapsed: 53:44.44 (3224.44 seconds)
Usermode: 526.53
Kernel mode: 754.38
Average CPU %: 39%
Max memory: 212736 (Kbytes)
---------
Total time elapsed: 53:42.25 (3222.25 seconds)
Usermode: 528.24
Kernel mode: 765.94
Average CPU %: 40%
Max memory: 212620 (Kbytes)
---------
Total time elapsed: 53:43.38 (3223.38 seconds)
Usermode: 530.64
Kernel mode: 755.06
Average CPU %: 39%
Max memory: 212708 (Kbytes)
---------
Total time elapsed: 53:43.05 (3223.05 seconds)
Usermode: 526.07
Kernel mode: 774.71
Average CPU %: 40%
Max memory: 212716 (Kbytes)
---------
Total time elapsed: 53:42.72 (3222.72 seconds)
Usermode: 526.06
Kernel mode: 756.29
Average CPU %: 39%
Max memory: 212596 (Kbytes)
---------
Total time elapsed: 53:42.68 (3222.68 seconds)
Usermode: 528.20
Kernel mode: 753.85
Average CPU %: 39%
Max memory: 212608 (Kbytes)
---------
Total time elapsed: 53:42.48 (3222.48 seconds)
Usermode: 522.64
Kernel mode: 761.87
Average CPU %: 39%
Max memory: 212608 (Kbytes)
---------
Total time elapsed: 53:43.25 (3223.25 seconds)
Usermode: 521.05
Kernel mode: 756.23
Average CPU %: 39%
Max memory: 212712 (Kbytes)
---------
Total time elapsed: 53:41.89 (3221.89 seconds)
Usermode: 523.95
Kernel mode: 763.10
Average CPU %: 39%
Max memory: 212648 (Kbytes)
---------
Total time elapsed: 53:42.31 (3222.31 seconds)
Usermode: 528.54
Kernel mode: 755.62
Average CPU %: 39%
Max memory: 212632 (Kbytes)
---------
Total time elapsed: 53:42.56 (3222.56 seconds)
Usermode: 529.46
Kernel mode: 756.27
Average CPU %: 39%
Max memory: 212652 (Kbytes)
---------
Total time elapsed: 53:44.97 (3224.97 seconds)
Usermode: 530.64
Kernel mode: 767.39
Average CPU %: 40%
Max memory: 212656 (Kbytes)
---------
Total time elapsed: 53:42.41 (3222.41 seconds)
Usermode: 537.15
Kernel mode: 745.16
Average CPU %: 39%
Max memory: 212644 (Kbytes)
---------
Total time elapsed: 53:42.19 (3222.19 seconds)
Usermode: 531.12
Kernel mode: 766.05
Average CPU %: 40%
Max memory: 212676 (Kbytes)
---------
Total time elapsed: 53:41.98 (3221.98 seconds)
Usermode: 527.07
Kernel mode: 767.36
Average CPU %: 40%
Max memory: 212668 (Kbytes)
---------
Total time elapsed: 53:41.96 (3221.96 seconds)
Usermode: 531.20
Kernel mode: 753.69
Average CPU %: 39%
Max memory: 212672 (Kbytes)
---------
Total time elapsed: 53:43.64 (3223.64 seconds)
Usermode: 515.41
Kernel mode: 767.24
Average CPU %: 39%
Max memory: 212552 (Kbytes)
---------
Total time elapsed: 53:42.40 (3222.40 seconds)
Usermode: 528.94
Kernel mode: 756.69
Average CPU %: 39%
Max memory: 212632 (Kbytes)
---------
Total time elapsed: 53:41.38 (3221.38 seconds)
Usermode: 535.35
Kernel mode: 744.52
Average CPU %: 39%
Max memory: 212556 (Kbytes)
---------
Total time elapsed: 53:42.16 (3222.16 seconds)
Usermode: 530.37
Kernel mode: 753.31
Average CPU %: 39%
Max memory: 212676 (Kbytes)
---------
Total time elapsed: 53:42.74 (3222.74 seconds)
Usermode: 516.49
Kernel mode: 760.22
Average CPU %: 39%
Max memory: 212676 (Kbytes)
---------
Total time elapsed: 53:43.24 (3223.24 seconds)
Usermode: 525.31
Kernel mode: 763.17
Average CPU %: 39%
Max memory: 212708 (Kbytes)
---------
Total time elapsed: 53:43.47 (3223.47 seconds)
Usermode: 525.94
Kernel mode: 753.55
Average CPU %: 39%
Max memory: 212680 (Kbytes)
---------
Total time elapsed: 53:42.39 (3222.39 seconds)
Usermode: 525.51
Kernel mode: 756.75
Average CPU %: 39%
Max memory: 212704 (Kbytes)
---------
Total time elapsed: 53:42.73 (3222.73 seconds)
Usermode: 527.03
Kernel mode: 768.61
Average CPU %: 40%
Max memory: 212644 (Kbytes)
---------
Total time elapsed: 53:43.74 (3223.74 seconds)
Usermode: 515.63
Kernel mode: 767.05
Average CPU %: 39%
Max memory: 212584 (Kbytes)
---------
Total time elapsed: 53:43.55 (3223.55 seconds)
Usermode: 527.14
Kernel mode: 757.45
Average CPU %: 39%
Max memory: 212640 (Kbytes)
---------
Total time elapsed: 53:43.31 (3223.31 seconds)
Usermode: 524.10
Kernel mode: 763.81
Average CPU %: 39%
Max memory: 212720 (Kbytes)
---------
Total time elapsed: 53:43.21 (3223.21 seconds)
Usermode: 523.78
Kernel mode: 758.97
Average CPU %: 39%
Max memory: 212644 (Kbytes)
---------
Total time elapsed: 53:42.68 (3222.68 seconds)
Usermode: 520.76
Kernel mode: 762.88
Average CPU %: 39%
Max memory: 212552 (Kbytes)
---------
Total time elapsed: 53:43.80 (3223.80 seconds)
Usermode: 517.93
Kernel mode: 762.23
Average CPU %: 39%
Max memory: 212616 (Kbytes)
---------
Total time elapsed: 53:43.87 (3223.87 seconds)
Usermode: 531.59
Kernel mode: 754.39
Average CPU %: 39%
Max memory: 212696 (Kbytes)
---------
Total time elapsed: 53:41.71 (3221.71 seconds)
Usermode: 518.65
Kernel mode: 761.33
Average CPU %: 39%
Max memory: 212536 (Kbytes)
---------
Total time elapsed: 53:43.58 (3223.58 seconds)
Usermode: 523.26
Kernel mode: 762.05
Average CPU %: 39%
Max memory: 212572 (Kbytes)
---------
Total time elapsed: 53:42.72 (3222.72 seconds)
Usermode: 520.85
Kernel mode: 760.75
Average CPU %: 39%
Max memory: 212684 (Kbytes)
---------
Total time elapsed: 53:42.39 (3222.39 seconds)
Usermode: 529.99
Kernel mode: 755.70
Average CPU %: 39%
Max memory: 212652 (Kbytes)
---------
Total time elapsed: 53:42.32 (3222.32 seconds)
Usermode: 525.13
Kernel mode: 756.59
Average CPU %: 39%
Max memory: 212576 (Kbytes)
---------
Total time elapsed: 53:44.42 (3224.42 seconds)
Usermode: 536.83
Kernel mode: 746.77
Average CPU %: 39%
Max memory: 212616 (Kbytes)
---------
Total time elapsed: 53:43.05 (3223.05 seconds)
Usermode: 525.08
Kernel mode: 758.32
Average CPU %: 39%
Max memory: 212720 (Kbytes)
---------
Total time elapsed: 53:43.03 (3223.03 seconds)
Usermode: 523.10
Kernel mode: 760.70
Average CPU %: 39%
Max memory: 212720 (Kbytes)
---------
Total time elapsed: 53:43.23 (3223.23 seconds)
Usermode: 532.02
Kernel mode: 750.57
Average CPU %: 39%
Max memory: 212564 (Kbytes)
---------
Total time elapsed: 53:42.33 (3222.33 seconds)
Usermode: 525.91
Kernel mode: 757.91
Average CPU %: 39%
Max memory: 212692 (Kbytes)
---------
Total time elapsed: 53:43.53 (3223.53 seconds)
Usermode: 518.94
Kernel mode: 762.23
Average CPU %: 39%
Max memory: 212544 (Kbytes)
---------
Total time elapsed: 53:45.08 (3225.08 seconds)
Usermode: 523.96
Kernel mode: 758.54
Average CPU %: 39%
Max memory: 212656 (Kbytes)
---------
Total time elapsed: 53:42.63 (3222.63 seconds)
Usermode: 528.44
Kernel mode: 769.78
Average CPU %: 40%
Max memory: 212640 (Kbytes)
---------
Total time elapsed: 53:43.46 (3223.46 seconds)
Usermode: 522.20
Kernel mode: 759.03
Average CPU %: 39%
Max memory: 212624 (Kbytes)
---------
Total time elapsed: 53:43.05 (3223.05 seconds)
Usermode: 523.16
Kernel mode: 760.39
Average CPU %: 39%
Max memory: 212544 (Kbytes)
---------
Total time elapsed: 53:42.80 (3222.80 seconds)
Usermode: 513.67
Kernel mode: 765.32
Average CPU %: 39%
Max memory: 212628 (Kbytes)
---------
Total time elapsed: 53:43.11 (3223.11 seconds)
Usermode: 530.37
Kernel mode: 751.53
Average CPU %: 39%
Max memory: 212748 (Kbytes)
---------
Total time elapsed: 53:44.20 (3224.20 seconds)
Usermode: 525.67
Kernel mode: 758.62
Average CPU %: 39%
Max memory: 212620 (Kbytes)
---------
Total time elapsed: 53:42.27 (3222.27 seconds)
Usermode: 522.80
Kernel mode: 757.89
Average CPU %: 39%
Max memory: 212640 (Kbytes)
---------
